{"C:\\Users\\guter\\OneDrive\\שולחן העבודה\\projects\\final project tom and hodaya\\new version\\chargingStation\\server\\src\\server.ts": {"path":"C:\\Users\\guter\\OneDrive\\שולחן העבודה\\projects\\final project tom and hodaya\\new version\\chargingStation\\server\\src\\server.ts","statementMap":{"0":{"start":{"line":4,"column":0},"end":{"line":4,"column":43}},"1":{"start":{"line":5,"column":0},"end":{"line":5,"column":28}},"2":{"start":{"line":6,"column":0},"end":{"line":6,"column":32}},"3":{"start":{"line":7,"column":0},"end":{"line":7,"column":37}},"4":{"start":{"line":8,"column":0},"end":{"line":8,"column":61}},"5":{"start":{"line":9,"column":0},"end":{"line":9,"column":54}},"6":{"start":{"line":10,"column":0},"end":{"line":10,"column":45}},"7":{"start":{"line":11,"column":0},"end":{"line":11,"column":41}},"8":{"start":{"line":12,"column":0},"end":{"line":12,"column":43}},"9":{"start":{"line":14,"column":12},"end":{"line":14,"column":21}},"10":{"start":{"line":15,"column":0},"end":{"line":15,"column":16}},"11":{"start":{"line":17,"column":16},"end":{"line":28,"column":2}},"12":{"start":{"line":29,"column":14},"end":{"line":29,"column":35}},"13":{"start":{"line":30,"column":0},"end":{"line":30,"column":62}},"14":{"start":{"line":33,"column":18},"end":{"line":56,"column":2}},"15":{"start":{"line":33,"column":47},"end":{"line":56,"column":2}},"16":{"start":{"line":34,"column":2},"end":{"line":36,"column":3}},"17":{"start":{"line":35,"column":4},"end":{"line":35,"column":44}},"18":{"start":{"line":38,"column":2},"end":{"line":44,"column":3}},"19":{"start":{"line":39,"column":4},"end":{"line":39,"column":51}},"20":{"start":{"line":40,"column":4},"end":{"line":40,"column":40}},"21":{"start":{"line":42,"column":4},"end":{"line":42,"column":57}},"22":{"start":{"line":43,"column":4},"end":{"line":43,"column":16}},"23":{"start":{"line":47,"column":2},"end":{"line":47,"column":29}},"24":{"start":{"line":48,"column":2},"end":{"line":48,"column":53}},"25":{"start":{"line":51,"column":2},"end":{"line":51,"column":31}},"26":{"start":{"line":52,"column":2},"end":{"line":52,"column":53}},"27":{"start":{"line":53,"column":2},"end":{"line":53,"column":39}},"28":{"start":{"line":55,"column":2},"end":{"line":55,"column":13}},"29":{"start":{"line":58,"column":0},"end":{"line":58,"column":25}}},"fnMap":{"0":{"name":"(anonymous_8)","decl":{"start":{"line":33,"column":18},"end":{"line":33,"column":45}},"loc":{"start":{"line":33,"column":47},"end":{"line":56,"column":2}}},"1":{"name":"(anonymous_9)","decl":{"start":{"line":33,"column":47},"end":{"line":33,"column":null}},"loc":{"start":{"line":33,"column":47},"end":{"line":56,"column":1}}}},"branchMap":{"0":{"loc":{"start":{"line":34,"column":2},"end":{"line":36,"column":3}},"type":"if","locations":[{"start":{"line":34,"column":2},"end":{"line":36,"column":3}}]}},"s":{"0":3,"1":3,"2":3,"3":3,"4":3,"5":3,"6":3,"7":3,"8":3,"9":3,"10":3,"11":3,"12":3,"13":3,"14":3,"15":3,"16":3,"17":0,"18":3,"19":3,"20":3,"21":0,"22":0,"23":3,"24":3,"25":3,"26":3,"27":3,"28":3,"29":3},"f":{"0":3,"1":3},"b":{"0":[0]}}
,"C:\\Users\\guter\\OneDrive\\שולחן העבודה\\projects\\final project tom and hodaya\\new version\\chargingStation\\server\\src\\controllers\\add_charging_controller.ts": {"path":"C:\\Users\\guter\\OneDrive\\שולחן העבודה\\projects\\final project tom and hodaya\\new version\\chargingStation\\server\\src\\controllers\\add_charging_controller.ts","statementMap":{"0":{"start":{"line":2,"column":0},"end":{"line":2,"column":57}},"1":{"start":{"line":3,"column":0},"end":{"line":3,"column":45}},"2":{"start":{"line":4,"column":0},"end":{"line":4,"column":32}},"3":{"start":{"line":6,"column":27},"end":{"line":32,"column":2}},"4":{"start":{"line":6,"column":65},"end":{"line":32,"column":2}},"5":{"start":{"line":7,"column":2},"end":{"line":31,"column":3}},"6":{"start":{"line":8,"column":93},"end":{"line":8,"column":101}},"7":{"start":{"line":11,"column":33},"end":{"line":23,"column":8}},"8":{"start":{"line":19,"column":81},"end":{"line":22,"column":12}},"9":{"start":{"line":26,"column":6},"end":{"line":26,"column":38}},"10":{"start":{"line":28,"column":6},"end":{"line":28,"column":116}},"11":{"start":{"line":30,"column":6},"end":{"line":30,"column":81}},"12":{"start":{"line":34,"column":23},"end":{"line":49,"column":2}},"13":{"start":{"line":34,"column":61},"end":{"line":49,"column":2}},"14":{"start":{"line":35,"column":4},"end":{"line":48,"column":5}},"15":{"start":{"line":36,"column":30},"end":{"line":36,"column":40}},"16":{"start":{"line":38,"column":32},"end":{"line":38,"column":71}},"17":{"start":{"line":39,"column":8},"end":{"line":41,"column":9}},"18":{"start":{"line":40,"column":12},"end":{"line":40,"column":83}},"19":{"start":{"line":45,"column":8},"end":{"line":45,"column":93}},"20":{"start":{"line":47,"column":8},"end":{"line":47,"column":79}},"21":{"start":{"line":51,"column":28},"end":{"line":64,"column":2}},"22":{"start":{"line":51,"column":66},"end":{"line":64,"column":2}},"23":{"start":{"line":52,"column":4},"end":{"line":63,"column":5}},"24":{"start":{"line":53,"column":27},"end":{"line":53,"column":37}},"25":{"start":{"line":55,"column":25},"end":{"line":55,"column":61}},"26":{"start":{"line":56,"column":8},"end":{"line":58,"column":9}},"27":{"start":{"line":57,"column":12},"end":{"line":57,"column":97}},"28":{"start":{"line":60,"column":8},"end":{"line":60,"column":43}},"29":{"start":{"line":62,"column":8},"end":{"line":62,"column":84}},"30":{"start":{"line":67,"column":22},"end":{"line":87,"column":2}},"31":{"start":{"line":67,"column":60},"end":{"line":87,"column":2}},"32":{"start":{"line":68,"column":4},"end":{"line":86,"column":5}},"33":{"start":{"line":69,"column":30},"end":{"line":69,"column":40}},"34":{"start":{"line":70,"column":27},"end":{"line":70,"column":35}},"35":{"start":{"line":72,"column":32},"end":{"line":72,"column":71}},"36":{"start":{"line":73,"column":8},"end":{"line":75,"column":9}},"37":{"start":{"line":74,"column":12},"end":{"line":74,"column":83}},"38":{"start":{"line":77,"column":8},"end":{"line":79,"column":11}},"39":{"start":{"line":78,"column":13},"end":{"line":78,"column":60}},"40":{"start":{"line":81,"column":8},"end":{"line":81,"column":37}},"41":{"start":{"line":83,"column":8},"end":{"line":83,"column":100}},"42":{"start":{"line":85,"column":8},"end":{"line":85,"column":86}},"43":{"start":{"line":89,"column":26},"end":{"line":100,"column":2}},"44":{"start":{"line":89,"column":64},"end":{"line":100,"column":2}},"45":{"start":{"line":90,"column":4},"end":{"line":99,"column":5}},"46":{"start":{"line":91,"column":30},"end":{"line":91,"column":40}},"47":{"start":{"line":93,"column":8},"end":{"line":93,"column":57}},"48":{"start":{"line":96,"column":8},"end":{"line":96,"column":74}},"49":{"start":{"line":98,"column":8},"end":{"line":98,"column":77}},"50":{"start":{"line":102,"column":35},"end":{"line":130,"column":2}},"51":{"start":{"line":102,"column":73},"end":{"line":130,"column":2}},"52":{"start":{"line":103,"column":4},"end":{"line":129,"column":5}},"53":{"start":{"line":104,"column":38},"end":{"line":104,"column":48}},"54":{"start":{"line":106,"column":21},"end":{"line":106,"column":53}},"55":{"start":{"line":107,"column":8},"end":{"line":109,"column":9}},"56":{"start":{"line":108,"column":12},"end":{"line":108,"column":71}},"57":{"start":{"line":111,"column":32},"end":{"line":111,"column":71}},"58":{"start":{"line":112,"column":8},"end":{"line":114,"column":9}},"59":{"start":{"line":113,"column":12},"end":{"line":113,"column":83}},"60":{"start":{"line":116,"column":32},"end":{"line":116,"column":70}},"61":{"start":{"line":119,"column":8},"end":{"line":122,"column":9}},"62":{"start":{"line":120,"column":12},"end":{"line":120,"column":64}},"63":{"start":{"line":121,"column":12},"end":{"line":121,"column":30}},"64":{"start":{"line":126,"column":8},"end":{"line":126,"column":102}},"65":{"start":{"line":128,"column":8},"end":{"line":128,"column":98}},"66":{"start":{"line":132,"column":0},"end":{"line":132,"column":137}}},"fnMap":{"0":{"name":"(anonymous_8)","decl":{"start":{"line":6,"column":27},"end":{"line":6,"column":34}},"loc":{"start":{"line":6,"column":65},"end":{"line":32,"column":2}}},"1":{"name":"(anonymous_9)","decl":{"start":{"line":6,"column":65},"end":{"line":6,"column":null}},"loc":{"start":{"line":6,"column":65},"end":{"line":32,"column":1}}},"2":{"name":"(anonymous_10)","decl":{"start":{"line":19,"column":33},"end":{"line":19,"column":34}},"loc":{"start":{"line":19,"column":81},"end":{"line":22,"column":12}}},"3":{"name":"(anonymous_11)","decl":{"start":{"line":34,"column":23},"end":{"line":34,"column":30}},"loc":{"start":{"line":34,"column":61},"end":{"line":49,"column":2}}},"4":{"name":"(anonymous_12)","decl":{"start":{"line":34,"column":61},"end":{"line":34,"column":null}},"loc":{"start":{"line":34,"column":61},"end":{"line":49,"column":1}}},"5":{"name":"(anonymous_13)","decl":{"start":{"line":51,"column":28},"end":{"line":51,"column":35}},"loc":{"start":{"line":51,"column":66},"end":{"line":64,"column":2}}},"6":{"name":"(anonymous_14)","decl":{"start":{"line":51,"column":66},"end":{"line":51,"column":null}},"loc":{"start":{"line":51,"column":66},"end":{"line":64,"column":1}}},"7":{"name":"(anonymous_15)","decl":{"start":{"line":67,"column":22},"end":{"line":67,"column":29}},"loc":{"start":{"line":67,"column":60},"end":{"line":87,"column":2}}},"8":{"name":"(anonymous_16)","decl":{"start":{"line":67,"column":60},"end":{"line":67,"column":null}},"loc":{"start":{"line":67,"column":60},"end":{"line":87,"column":1}}},"9":{"name":"(anonymous_17)","decl":{"start":{"line":77,"column":40},"end":{"line":77,"column":43}},"loc":{"start":{"line":77,"column":46},"end":{"line":79,"column":9}}},"10":{"name":"(anonymous_18)","decl":{"start":{"line":89,"column":26},"end":{"line":89,"column":33}},"loc":{"start":{"line":89,"column":64},"end":{"line":100,"column":2}}},"11":{"name":"(anonymous_19)","decl":{"start":{"line":89,"column":64},"end":{"line":89,"column":null}},"loc":{"start":{"line":89,"column":64},"end":{"line":100,"column":1}}},"12":{"name":"(anonymous_20)","decl":{"start":{"line":102,"column":35},"end":{"line":102,"column":42}},"loc":{"start":{"line":102,"column":73},"end":{"line":130,"column":2}}},"13":{"name":"(anonymous_21)","decl":{"start":{"line":102,"column":73},"end":{"line":102,"column":null}},"loc":{"start":{"line":102,"column":73},"end":{"line":130,"column":1}}}},"branchMap":{"0":{"loc":{"start":{"line":39,"column":8},"end":{"line":41,"column":9}},"type":"if","locations":[{"start":{"line":39,"column":8},"end":{"line":41,"column":9}}]},"1":{"loc":{"start":{"line":56,"column":8},"end":{"line":58,"column":9}},"type":"if","locations":[{"start":{"line":56,"column":8},"end":{"line":58,"column":9}}]},"2":{"loc":{"start":{"line":73,"column":8},"end":{"line":75,"column":9}},"type":"if","locations":[{"start":{"line":73,"column":8},"end":{"line":75,"column":9}}]},"3":{"loc":{"start":{"line":107,"column":8},"end":{"line":109,"column":9}},"type":"if","locations":[{"start":{"line":107,"column":8},"end":{"line":109,"column":9}}]},"4":{"loc":{"start":{"line":112,"column":8},"end":{"line":114,"column":9}},"type":"if","locations":[{"start":{"line":112,"column":8},"end":{"line":114,"column":9}}]},"5":{"loc":{"start":{"line":119,"column":8},"end":{"line":122,"column":9}},"type":"if","locations":[{"start":{"line":119,"column":8},"end":{"line":122,"column":9}}]}},"s":{"0":3,"1":3,"2":3,"3":3,"4":2,"5":2,"6":2,"7":2,"8":4,"9":2,"10":2,"11":0,"12":3,"13":1,"14":1,"15":1,"16":1,"17":1,"18":0,"19":1,"20":0,"21":3,"22":1,"23":1,"24":1,"25":1,"26":1,"27":0,"28":1,"29":0,"30":3,"31":1,"32":1,"33":1,"34":1,"35":1,"36":1,"37":0,"38":1,"39":6,"40":1,"41":1,"42":0,"43":3,"44":0,"45":0,"46":0,"47":0,"48":0,"49":0,"50":3,"51":1,"52":1,"53":1,"54":1,"55":1,"56":0,"57":1,"58":1,"59":0,"60":1,"61":1,"62":1,"63":1,"64":1,"65":0,"66":3},"f":{"0":2,"1":2,"2":4,"3":1,"4":1,"5":1,"6":1,"7":1,"8":1,"9":6,"10":0,"11":0,"12":1,"13":1},"b":{"0":[0],"1":[0],"2":[0],"3":[0],"4":[0],"5":[1]}}
,"C:\\Users\\guter\\OneDrive\\שולחן העבודה\\projects\\final project tom and hodaya\\new version\\chargingStation\\server\\src\\controllers\\add_comments_controller.ts": {"path":"C:\\Users\\guter\\OneDrive\\שולחן העבודה\\projects\\final project tom and hodaya\\new version\\chargingStation\\server\\src\\controllers\\add_comments_controller.ts","statementMap":{"0":{"start":{"line":2,"column":0},"end":{"line":2,"column":57}},"1":{"start":{"line":4,"column":19},"end":{"line":30,"column":2}},"2":{"start":{"line":4,"column":57},"end":{"line":30,"column":2}},"3":{"start":{"line":5,"column":4},"end":{"line":29,"column":3}},"4":{"start":{"line":6,"column":28},"end":{"line":6,"column":38}},"5":{"start":{"line":7,"column":23},"end":{"line":7,"column":31}},"6":{"start":{"line":9,"column":6},"end":{"line":11,"column":7}},"7":{"start":{"line":10,"column":8},"end":{"line":10,"column":75}},"8":{"start":{"line":14,"column":30},"end":{"line":14,"column":69}},"9":{"start":{"line":15,"column":6},"end":{"line":17,"column":7}},"10":{"start":{"line":16,"column":8},"end":{"line":16,"column":77}},"11":{"start":{"line":20,"column":6},"end":{"line":20,"column":46}},"12":{"start":{"line":21,"column":6},"end":{"line":21,"column":35}},"13":{"start":{"line":23,"column":6},"end":{"line":26,"column":9}},"14":{"start":{"line":28,"column":6},"end":{"line":28,"column":81}},"15":{"start":{"line":32,"column":23},"end":{"line":50,"column":2}},"16":{"start":{"line":32,"column":61},"end":{"line":50,"column":2}},"17":{"start":{"line":33,"column":4},"end":{"line":49,"column":5}},"18":{"start":{"line":34,"column":41},"end":{"line":34,"column":51}},"19":{"start":{"line":36,"column":32},"end":{"line":36,"column":71}},"20":{"start":{"line":37,"column":8},"end":{"line":39,"column":9}},"21":{"start":{"line":38,"column":12},"end":{"line":38,"column":83}},"22":{"start":{"line":41,"column":24},"end":{"line":41,"column":62}},"23":{"start":{"line":42,"column":8},"end":{"line":44,"column":9}},"24":{"start":{"line":43,"column":12},"end":{"line":43,"column":74}},"25":{"start":{"line":46,"column":8},"end":{"line":46,"column":85}},"26":{"start":{"line":48,"column":8},"end":{"line":48,"column":79}},"27":{"start":{"line":53,"column":22},"end":{"line":77,"column":2}},"28":{"start":{"line":53,"column":60},"end":{"line":77,"column":2}},"29":{"start":{"line":54,"column":4},"end":{"line":54,"column":30}},"30":{"start":{"line":56,"column":4},"end":{"line":76,"column":5}},"31":{"start":{"line":57,"column":41},"end":{"line":57,"column":51}},"32":{"start":{"line":58,"column":25},"end":{"line":58,"column":33}},"33":{"start":{"line":60,"column":32},"end":{"line":60,"column":71}},"34":{"start":{"line":61,"column":8},"end":{"line":63,"column":9}},"35":{"start":{"line":62,"column":12},"end":{"line":62,"column":83}},"36":{"start":{"line":65,"column":24},"end":{"line":65,"column":62}},"37":{"start":{"line":66,"column":8},"end":{"line":68,"column":9}},"38":{"start":{"line":67,"column":12},"end":{"line":67,"column":74}},"39":{"start":{"line":70,"column":8},"end":{"line":70,"column":28}},"40":{"start":{"line":71,"column":8},"end":{"line":71,"column":37}},"41":{"start":{"line":73,"column":8},"end":{"line":73,"column":91}},"42":{"start":{"line":75,"column":8},"end":{"line":75,"column":77}},"43":{"start":{"line":79,"column":26},"end":{"line":100,"column":2}},"44":{"start":{"line":79,"column":64},"end":{"line":100,"column":2}},"45":{"start":{"line":80,"column":4},"end":{"line":99,"column":5}},"46":{"start":{"line":81,"column":41},"end":{"line":81,"column":51}},"47":{"start":{"line":83,"column":32},"end":{"line":83,"column":71}},"48":{"start":{"line":84,"column":8},"end":{"line":86,"column":9}},"49":{"start":{"line":85,"column":12},"end":{"line":85,"column":83}},"50":{"start":{"line":88,"column":24},"end":{"line":88,"column":62}},"51":{"start":{"line":89,"column":8},"end":{"line":91,"column":9}},"52":{"start":{"line":90,"column":12},"end":{"line":90,"column":74}},"53":{"start":{"line":93,"column":8},"end":{"line":93,"column":28}},"54":{"start":{"line":94,"column":8},"end":{"line":94,"column":37}},"55":{"start":{"line":96,"column":8},"end":{"line":96,"column":91}},"56":{"start":{"line":98,"column":8},"end":{"line":98,"column":77}},"57":{"start":{"line":102,"column":0},"end":{"line":102,"column":80}}},"fnMap":{"0":{"name":"(anonymous_8)","decl":{"start":{"line":4,"column":19},"end":{"line":4,"column":26}},"loc":{"start":{"line":4,"column":57},"end":{"line":30,"column":2}}},"1":{"name":"(anonymous_9)","decl":{"start":{"line":4,"column":57},"end":{"line":4,"column":null}},"loc":{"start":{"line":4,"column":57},"end":{"line":30,"column":1}}},"2":{"name":"(anonymous_10)","decl":{"start":{"line":32,"column":23},"end":{"line":32,"column":30}},"loc":{"start":{"line":32,"column":61},"end":{"line":50,"column":2}}},"3":{"name":"(anonymous_11)","decl":{"start":{"line":32,"column":61},"end":{"line":32,"column":null}},"loc":{"start":{"line":32,"column":61},"end":{"line":50,"column":1}}},"4":{"name":"(anonymous_12)","decl":{"start":{"line":53,"column":22},"end":{"line":53,"column":29}},"loc":{"start":{"line":53,"column":60},"end":{"line":77,"column":2}}},"5":{"name":"(anonymous_13)","decl":{"start":{"line":53,"column":60},"end":{"line":53,"column":null}},"loc":{"start":{"line":53,"column":60},"end":{"line":77,"column":1}}},"6":{"name":"(anonymous_14)","decl":{"start":{"line":79,"column":26},"end":{"line":79,"column":33}},"loc":{"start":{"line":79,"column":64},"end":{"line":100,"column":2}}},"7":{"name":"(anonymous_15)","decl":{"start":{"line":79,"column":64},"end":{"line":79,"column":null}},"loc":{"start":{"line":79,"column":64},"end":{"line":100,"column":1}}}},"branchMap":{"0":{"loc":{"start":{"line":9,"column":6},"end":{"line":11,"column":7}},"type":"if","locations":[{"start":{"line":9,"column":6},"end":{"line":11,"column":7}}]},"1":{"loc":{"start":{"line":15,"column":6},"end":{"line":17,"column":7}},"type":"if","locations":[{"start":{"line":15,"column":6},"end":{"line":17,"column":7}}]},"2":{"loc":{"start":{"line":37,"column":8},"end":{"line":39,"column":9}},"type":"if","locations":[{"start":{"line":37,"column":8},"end":{"line":39,"column":9}}]},"3":{"loc":{"start":{"line":42,"column":8},"end":{"line":44,"column":9}},"type":"if","locations":[{"start":{"line":42,"column":8},"end":{"line":44,"column":9}}]},"4":{"loc":{"start":{"line":61,"column":8},"end":{"line":63,"column":9}},"type":"if","locations":[{"start":{"line":61,"column":8},"end":{"line":63,"column":9}}]},"5":{"loc":{"start":{"line":66,"column":8},"end":{"line":68,"column":9}},"type":"if","locations":[{"start":{"line":66,"column":8},"end":{"line":68,"column":9}}]},"6":{"loc":{"start":{"line":84,"column":8},"end":{"line":86,"column":9}},"type":"if","locations":[{"start":{"line":84,"column":8},"end":{"line":86,"column":9}}]},"7":{"loc":{"start":{"line":89,"column":8},"end":{"line":91,"column":9}},"type":"if","locations":[{"start":{"line":89,"column":8},"end":{"line":91,"column":9}}]}},"s":{"0":3,"1":3,"2":1,"3":1,"4":1,"5":1,"6":1,"7":0,"8":1,"9":1,"10":0,"11":1,"12":1,"13":1,"14":0,"15":3,"16":1,"17":1,"18":1,"19":1,"20":1,"21":0,"22":1,"23":1,"24":0,"25":1,"26":0,"27":3,"28":1,"29":1,"30":1,"31":1,"32":1,"33":1,"34":1,"35":0,"36":1,"37":1,"38":0,"39":1,"40":1,"41":1,"42":0,"43":3,"44":1,"45":1,"46":1,"47":1,"48":1,"49":0,"50":1,"51":1,"52":0,"53":1,"54":1,"55":1,"56":0,"57":3},"f":{"0":1,"1":1,"2":1,"3":1,"4":1,"5":1,"6":1,"7":1},"b":{"0":[0],"1":[0],"2":[0],"3":[0],"4":[0],"5":[0],"6":[0],"7":[0]}}
,"C:\\Users\\guter\\OneDrive\\שולחן העבודה\\projects\\final project tom and hodaya\\new version\\chargingStation\\server\\src\\controllers\\user_controller_auth.ts": {"path":"C:\\Users\\guter\\OneDrive\\שולחן העבודה\\projects\\final project tom and hodaya\\new version\\chargingStation\\server\\src\\controllers\\user_controller_auth.ts","statementMap":{"0":{"start":{"line":2,"column":0},"end":{"line":2,"column":45}},"1":{"start":{"line":3,"column":0},"end":{"line":3,"column":28}},"2":{"start":{"line":4,"column":0},"end":{"line":4,"column":31}},"3":{"start":{"line":6,"column":15},"end":{"line":37,"column":2}},"4":{"start":{"line":6,"column":53},"end":{"line":37,"column":2}},"5":{"start":{"line":7,"column":20},"end":{"line":7,"column":38}},"6":{"start":{"line":8,"column":19},"end":{"line":8,"column":36}},"7":{"start":{"line":9,"column":22},"end":{"line":9,"column":42}},"8":{"start":{"line":10,"column":16},"end":{"line":10,"column":30}},"9":{"start":{"line":12,"column":19},"end":{"line":12,"column":36}},"10":{"start":{"line":13,"column":2},"end":{"line":16,"column":3}},"11":{"start":{"line":14,"column":4},"end":{"line":14,"column":54}},"12":{"start":{"line":15,"column":4},"end":{"line":15,"column":11}},"13":{"start":{"line":17,"column":2},"end":{"line":36,"column":3}},"14":{"start":{"line":18,"column":25},"end":{"line":18,"column":66}},"15":{"start":{"line":19,"column":4},"end":{"line":22,"column":5}},"16":{"start":{"line":20,"column":6},"end":{"line":20,"column":50}},"17":{"start":{"line":21,"column":6},"end":{"line":21,"column":13}},"18":{"start":{"line":24,"column":17},"end":{"line":24,"column":41}},"19":{"start":{"line":25,"column":27},"end":{"line":25,"column":60}},"20":{"start":{"line":26,"column":17},"end":{"line":32,"column":6}},"21":{"start":{"line":33,"column":4},"end":{"line":33,"column":31}},"22":{"start":{"line":35,"column":4},"end":{"line":35,"column":30}},"23":{"start":{"line":39,"column":23},"end":{"line":65,"column":1}},"24":{"start":{"line":42,"column":17},"end":{"line":42,"column":52}},"25":{"start":{"line":43,"column":2},"end":{"line":45,"column":3}},"26":{"start":{"line":44,"column":4},"end":{"line":44,"column":16}},"27":{"start":{"line":46,"column":22},"end":{"line":52,"column":null}},"28":{"start":{"line":55,"column":23},"end":{"line":61,"column":null}},"29":{"start":{"line":64,"column":2},"end":{"line":64,"column":39}},"30":{"start":{"line":67,"column":14},"end":{"line":108,"column":2}},"31":{"start":{"line":67,"column":52},"end":{"line":108,"column":2}},"32":{"start":{"line":68,"column":16},"end":{"line":68,"column":30}},"33":{"start":{"line":69,"column":19},"end":{"line":69,"column":36}},"34":{"start":{"line":70,"column":2},"end":{"line":73,"column":3}},"35":{"start":{"line":71,"column":4},"end":{"line":71,"column":52}},"36":{"start":{"line":72,"column":4},"end":{"line":72,"column":11}},"37":{"start":{"line":74,"column":2},"end":{"line":107,"column":3}},"38":{"start":{"line":75,"column":17},"end":{"line":75,"column":58}},"39":{"start":{"line":76,"column":4},"end":{"line":79,"column":5}},"40":{"start":{"line":77,"column":6},"end":{"line":77,"column":54}},"41":{"start":{"line":78,"column":6},"end":{"line":78,"column":13}},"42":{"start":{"line":80,"column":26},"end":{"line":80,"column":71}},"43":{"start":{"line":81,"column":4},"end":{"line":84,"column":5}},"44":{"start":{"line":82,"column":6},"end":{"line":82,"column":54}},"45":{"start":{"line":83,"column":6},"end":{"line":83,"column":13}},"46":{"start":{"line":87,"column":27},"end":{"line":87,"column":46}},"47":{"start":{"line":88,"column":19},"end":{"line":88,"column":41}},"48":{"start":{"line":89,"column":4},"end":{"line":92,"column":5}},"49":{"start":{"line":90,"column":6},"end":{"line":90,"column":57}},"50":{"start":{"line":91,"column":6},"end":{"line":91,"column":13}},"51":{"start":{"line":94,"column":4},"end":{"line":96,"column":5}},"52":{"start":{"line":95,"column":6},"end":{"line":95,"column":30}},"53":{"start":{"line":97,"column":4},"end":{"line":97,"column":49}},"54":{"start":{"line":98,"column":4},"end":{"line":98,"column":22}},"55":{"start":{"line":99,"column":4},"end":{"line":104,"column":7}},"56":{"start":{"line":106,"column":4},"end":{"line":106,"column":20}},"57":{"start":{"line":110,"column":15},"end":{"line":153,"column":2}},"58":{"start":{"line":110,"column":53},"end":{"line":153,"column":2}},"59":{"start":{"line":111,"column":23},"end":{"line":111,"column":44}},"60":{"start":{"line":112,"column":2},"end":{"line":115,"column":3}},"61":{"start":{"line":113,"column":4},"end":{"line":113,"column":50}},"62":{"start":{"line":114,"column":4},"end":{"line":114,"column":11}},"63":{"start":{"line":117,"column":2},"end":{"line":120,"column":3}},"64":{"start":{"line":118,"column":4},"end":{"line":118,"column":55}},"65":{"start":{"line":119,"column":4},"end":{"line":119,"column":11}},"66":{"start":{"line":121,"column":2},"end":{"line":152,"column":4}},"67":{"start":{"line":124,"column":34},"end":{"line":151,"column":null}},"68":{"start":{"line":125,"column":6},"end":{"line":128,"column":7}},"69":{"start":{"line":126,"column":8},"end":{"line":126,"column":46}},"70":{"start":{"line":127,"column":8},"end":{"line":127,"column":15}},"71":{"start":{"line":129,"column":22},"end":{"line":129,"column":42}},"72":{"start":{"line":130,"column":6},"end":{"line":150,"column":7}},"73":{"start":{"line":131,"column":21},"end":{"line":131,"column":66}},"74":{"start":{"line":132,"column":8},"end":{"line":135,"column":9}},"75":{"start":{"line":133,"column":10},"end":{"line":133,"column":48}},"76":{"start":{"line":134,"column":10},"end":{"line":134,"column":17}},"77":{"start":{"line":136,"column":8},"end":{"line":141,"column":9}},"78":{"start":{"line":137,"column":10},"end":{"line":137,"column":48}},"79":{"start":{"line":138,"column":10},"end":{"line":138,"column":34}},"80":{"start":{"line":139,"column":10},"end":{"line":139,"column":28}},"81":{"start":{"line":140,"column":10},"end":{"line":140,"column":17}},"82":{"start":{"line":142,"column":23},"end":{"line":143,"column":null}},"83":{"start":{"line":143,"column":21},"end":{"line":143,"column":43}},"84":{"start":{"line":145,"column":8},"end":{"line":145,"column":36}},"85":{"start":{"line":146,"column":8},"end":{"line":146,"column":26}},"86":{"start":{"line":147,"column":8},"end":{"line":147,"column":43}},"87":{"start":{"line":149,"column":8},"end":{"line":149,"column":46}},"88":{"start":{"line":155,"column":21},"end":{"line":216,"column":2}},"89":{"start":{"line":155,"column":59},"end":{"line":216,"column":2}},"90":{"start":{"line":157,"column":23},"end":{"line":157,"column":44}},"91":{"start":{"line":158,"column":2},"end":{"line":161,"column":3}},"92":{"start":{"line":159,"column":4},"end":{"line":159,"column":42}},"93":{"start":{"line":160,"column":4},"end":{"line":160,"column":11}},"94":{"start":{"line":162,"column":2},"end":{"line":165,"column":3}},"95":{"start":{"line":163,"column":4},"end":{"line":163,"column":55}},"96":{"start":{"line":164,"column":4},"end":{"line":164,"column":11}},"97":{"start":{"line":166,"column":2},"end":{"line":215,"column":4}},"98":{"start":{"line":169,"column":34},"end":{"line":214,"column":null}},"99":{"start":{"line":170,"column":6},"end":{"line":173,"column":7}},"100":{"start":{"line":171,"column":8},"end":{"line":171,"column":46}},"101":{"start":{"line":172,"column":8},"end":{"line":172,"column":15}},"102":{"start":{"line":175,"column":22},"end":{"line":175,"column":42}},"103":{"start":{"line":176,"column":6},"end":{"line":213,"column":7}},"104":{"start":{"line":177,"column":21},"end":{"line":177,"column":66}},"105":{"start":{"line":178,"column":8},"end":{"line":181,"column":9}},"106":{"start":{"line":179,"column":10},"end":{"line":179,"column":55}},"107":{"start":{"line":180,"column":10},"end":{"line":180,"column":17}},"108":{"start":{"line":183,"column":8},"end":{"line":188,"column":9}},"109":{"start":{"line":184,"column":10},"end":{"line":184,"column":34}},"110":{"start":{"line":185,"column":10},"end":{"line":185,"column":28}},"111":{"start":{"line":186,"column":10},"end":{"line":186,"column":55}},"112":{"start":{"line":187,"column":10},"end":{"line":187,"column":17}},"113":{"start":{"line":190,"column":26},"end":{"line":190,"column":61}},"114":{"start":{"line":191,"column":8},"end":{"line":196,"column":9}},"115":{"start":{"line":192,"column":10},"end":{"line":192,"column":34}},"116":{"start":{"line":193,"column":10},"end":{"line":193,"column":28}},"117":{"start":{"line":194,"column":10},"end":{"line":194,"column":61}},"118":{"start":{"line":195,"column":10},"end":{"line":195,"column":17}},"119":{"start":{"line":199,"column":8},"end":{"line":201,"column":10}},"120":{"start":{"line":200,"column":21},"end":{"line":200,"column":43}},"121":{"start":{"line":203,"column":8},"end":{"line":203,"column":56}},"122":{"start":{"line":204,"column":8},"end":{"line":204,"column":26}},"123":{"start":{"line":207,"column":8},"end":{"line":210,"column":11}},"124":{"start":{"line":212,"column":8},"end":{"line":212,"column":53}},"125":{"start":{"line":221,"column":30},"end":{"line":245,"column":1}},"126":{"start":{"line":226,"column":21},"end":{"line":226,"column":49}},"127":{"start":{"line":227,"column":16},"end":{"line":227,"column":54}},"128":{"start":{"line":228,"column":2},"end":{"line":231,"column":3}},"129":{"start":{"line":229,"column":4},"end":{"line":229,"column":42}},"130":{"start":{"line":230,"column":4},"end":{"line":230,"column":11}},"131":{"start":{"line":232,"column":2},"end":{"line":235,"column":3}},"132":{"start":{"line":233,"column":4},"end":{"line":233,"column":56}},"133":{"start":{"line":234,"column":4},"end":{"line":234,"column":11}},"134":{"start":{"line":236,"column":2},"end":{"line":244,"column":5}},"135":{"start":{"line":237,"column":4},"end":{"line":240,"column":5}},"136":{"start":{"line":238,"column":6},"end":{"line":238,"column":51}},"137":{"start":{"line":239,"column":6},"end":{"line":239,"column":13}},"138":{"start":{"line":241,"column":20},"end":{"line":241,"column":40}},"139":{"start":{"line":242,"column":4},"end":{"line":242,"column":35}},"140":{"start":{"line":243,"column":4},"end":{"line":243,"column":11}},"141":{"start":{"line":221,"column":13},"end":{"line":221,"column":30}},"142":{"start":{"line":247,"column":0},"end":{"line":247,"column":55}}},"fnMap":{"0":{"name":"(anonymous_8)","decl":{"start":{"line":6,"column":15},"end":{"line":6,"column":22}},"loc":{"start":{"line":6,"column":53},"end":{"line":37,"column":2}}},"1":{"name":"(anonymous_9)","decl":{"start":{"line":6,"column":53},"end":{"line":6,"column":null}},"loc":{"start":{"line":6,"column":53},"end":{"line":37,"column":1}}},"2":{"name":"(anonymous_10)","decl":{"start":{"line":39,"column":23},"end":{"line":39,"column":null}},"loc":{"start":{"line":41,"column":58},"end":{"line":65,"column":1}}},"3":{"name":"(anonymous_11)","decl":{"start":{"line":67,"column":14},"end":{"line":67,"column":21}},"loc":{"start":{"line":67,"column":52},"end":{"line":108,"column":2}}},"4":{"name":"(anonymous_12)","decl":{"start":{"line":67,"column":52},"end":{"line":67,"column":null}},"loc":{"start":{"line":67,"column":52},"end":{"line":108,"column":1}}},"5":{"name":"(anonymous_13)","decl":{"start":{"line":110,"column":15},"end":{"line":110,"column":22}},"loc":{"start":{"line":110,"column":53},"end":{"line":153,"column":2}}},"6":{"name":"(anonymous_14)","decl":{"start":{"line":110,"column":53},"end":{"line":110,"column":null}},"loc":{"start":{"line":110,"column":53},"end":{"line":153,"column":1}}},"7":{"name":"(anonymous_15)","decl":{"start":{"line":124,"column":4},"end":{"line":124,"column":11}},"loc":{"start":{"line":124,"column":34},"end":{"line":151,"column":null}}},"8":{"name":"(anonymous_16)","decl":{"start":{"line":124,"column":34},"end":{"line":124,"column":null}},"loc":{"start":{"line":124,"column":34},"end":{"line":151,"column":5}}},"9":{"name":"(anonymous_17)","decl":{"start":{"line":143,"column":10},"end":{"line":143,"column":11}},"loc":{"start":{"line":143,"column":21},"end":{"line":143,"column":43}}},"10":{"name":"(anonymous_18)","decl":{"start":{"line":155,"column":21},"end":{"line":155,"column":28}},"loc":{"start":{"line":155,"column":59},"end":{"line":216,"column":2}}},"11":{"name":"(anonymous_19)","decl":{"start":{"line":155,"column":59},"end":{"line":155,"column":null}},"loc":{"start":{"line":155,"column":59},"end":{"line":216,"column":1}}},"12":{"name":"(anonymous_20)","decl":{"start":{"line":169,"column":4},"end":{"line":169,"column":11}},"loc":{"start":{"line":169,"column":34},"end":{"line":214,"column":null}}},"13":{"name":"(anonymous_21)","decl":{"start":{"line":169,"column":34},"end":{"line":169,"column":null}},"loc":{"start":{"line":169,"column":34},"end":{"line":214,"column":5}}},"14":{"name":"(anonymous_22)","decl":{"start":{"line":200,"column":10},"end":{"line":200,"column":11}},"loc":{"start":{"line":200,"column":21},"end":{"line":200,"column":43}}},"15":{"name":"(anonymous_23)","decl":{"start":{"line":221,"column":30},"end":{"line":221,"column":null}},"loc":{"start":{"line":225,"column":4},"end":{"line":245,"column":1}}},"16":{"name":"(anonymous_24)","decl":{"start":{"line":236,"column":46},"end":{"line":236,"column":47}},"loc":{"start":{"line":236,"column":60},"end":{"line":244,"column":3}}}},"branchMap":{"0":{"loc":{"start":{"line":13,"column":2},"end":{"line":16,"column":3}},"type":"if","locations":[{"start":{"line":13,"column":2},"end":{"line":16,"column":3}}]},"1":{"loc":{"start":{"line":13,"column":6},"end":{"line":13,"column":25}},"type":"binary-expr","locations":[{"start":{"line":13,"column":6},"end":{"line":13,"column":12}},{"start":{"line":13,"column":16},"end":{"line":13,"column":25}}]},"2":{"loc":{"start":{"line":19,"column":4},"end":{"line":22,"column":5}},"type":"if","locations":[{"start":{"line":19,"column":4},"end":{"line":22,"column":5}}]},"3":{"loc":{"start":{"line":43,"column":2},"end":{"line":45,"column":3}},"type":"if","locations":[{"start":{"line":43,"column":2},"end":{"line":45,"column":3}}]},"4":{"loc":{"start":{"line":70,"column":2},"end":{"line":73,"column":3}},"type":"if","locations":[{"start":{"line":70,"column":2},"end":{"line":73,"column":3}}]},"5":{"loc":{"start":{"line":70,"column":6},"end":{"line":70,"column":25}},"type":"binary-expr","locations":[{"start":{"line":70,"column":6},"end":{"line":70,"column":12}},{"start":{"line":70,"column":16},"end":{"line":70,"column":25}}]},"6":{"loc":{"start":{"line":76,"column":4},"end":{"line":79,"column":5}},"type":"if","locations":[{"start":{"line":76,"column":4},"end":{"line":79,"column":5}}]},"7":{"loc":{"start":{"line":81,"column":4},"end":{"line":84,"column":5}},"type":"if","locations":[{"start":{"line":81,"column":4},"end":{"line":84,"column":5}}]},"8":{"loc":{"start":{"line":89,"column":4},"end":{"line":92,"column":5}},"type":"if","locations":[{"start":{"line":89,"column":4},"end":{"line":92,"column":5}}]},"9":{"loc":{"start":{"line":94,"column":4},"end":{"line":96,"column":5}},"type":"if","locations":[{"start":{"line":94,"column":4},"end":{"line":96,"column":5}}]},"10":{"loc":{"start":{"line":112,"column":2},"end":{"line":115,"column":3}},"type":"if","locations":[{"start":{"line":112,"column":2},"end":{"line":115,"column":3}}]},"11":{"loc":{"start":{"line":117,"column":2},"end":{"line":120,"column":3}},"type":"if","locations":[{"start":{"line":117,"column":2},"end":{"line":120,"column":3}}]},"12":{"loc":{"start":{"line":125,"column":6},"end":{"line":128,"column":7}},"type":"if","locations":[{"start":{"line":125,"column":6},"end":{"line":128,"column":7}}]},"13":{"loc":{"start":{"line":132,"column":8},"end":{"line":135,"column":9}},"type":"if","locations":[{"start":{"line":132,"column":8},"end":{"line":135,"column":9}}]},"14":{"loc":{"start":{"line":136,"column":8},"end":{"line":141,"column":9}},"type":"if","locations":[{"start":{"line":136,"column":8},"end":{"line":141,"column":9}}]},"15":{"loc":{"start":{"line":136,"column":12},"end":{"line":136,"column":77}},"type":"binary-expr","locations":[{"start":{"line":136,"column":12},"end":{"line":136,"column":31}},{"start":{"line":136,"column":35},"end":{"line":136,"column":77}}]},"16":{"loc":{"start":{"line":158,"column":2},"end":{"line":161,"column":3}},"type":"if","locations":[{"start":{"line":158,"column":2},"end":{"line":161,"column":3}}]},"17":{"loc":{"start":{"line":162,"column":2},"end":{"line":165,"column":3}},"type":"if","locations":[{"start":{"line":162,"column":2},"end":{"line":165,"column":3}}]},"18":{"loc":{"start":{"line":170,"column":6},"end":{"line":173,"column":7}},"type":"if","locations":[{"start":{"line":170,"column":6},"end":{"line":173,"column":7}}]},"19":{"loc":{"start":{"line":178,"column":8},"end":{"line":181,"column":9}},"type":"if","locations":[{"start":{"line":178,"column":8},"end":{"line":181,"column":9}}]},"20":{"loc":{"start":{"line":183,"column":8},"end":{"line":188,"column":9}},"type":"if","locations":[{"start":{"line":183,"column":8},"end":{"line":188,"column":9}}]},"21":{"loc":{"start":{"line":183,"column":12},"end":{"line":183,"column":77}},"type":"binary-expr","locations":[{"start":{"line":183,"column":12},"end":{"line":183,"column":31}},{"start":{"line":183,"column":35},"end":{"line":183,"column":77}}]},"22":{"loc":{"start":{"line":191,"column":8},"end":{"line":196,"column":9}},"type":"if","locations":[{"start":{"line":191,"column":8},"end":{"line":196,"column":9}}]},"23":{"loc":{"start":{"line":227,"column":16},"end":{"line":227,"column":54}},"type":"binary-expr","locations":[{"start":{"line":227,"column":16},"end":{"line":227,"column":26}},{"start":{"line":227,"column":30},"end":{"line":227,"column":54}}]},"24":{"loc":{"start":{"line":228,"column":2},"end":{"line":231,"column":3}},"type":"if","locations":[{"start":{"line":228,"column":2},"end":{"line":231,"column":3}}]},"25":{"loc":{"start":{"line":232,"column":2},"end":{"line":235,"column":3}},"type":"if","locations":[{"start":{"line":232,"column":2},"end":{"line":235,"column":3}}]},"26":{"loc":{"start":{"line":237,"column":4},"end":{"line":240,"column":5}},"type":"if","locations":[{"start":{"line":237,"column":4},"end":{"line":240,"column":5}}]}},"s":{"0":3,"1":3,"2":3,"3":3,"4":5,"5":5,"6":5,"7":5,"8":5,"9":5,"10":5,"11":0,"12":0,"13":5,"14":5,"15":5,"16":2,"17":2,"18":3,"19":3,"20":3,"21":3,"22":0,"23":3,"24":8,"25":8,"26":0,"27":8,"28":8,"29":8,"30":3,"31":6,"32":6,"33":6,"34":6,"35":0,"36":0,"37":6,"38":6,"39":6,"40":0,"41":0,"42":6,"43":6,"44":0,"45":0,"46":6,"47":6,"48":6,"49":0,"50":0,"51":6,"52":0,"53":6,"54":6,"55":6,"56":0,"57":3,"58":1,"59":1,"60":1,"61":0,"62":0,"63":1,"64":0,"65":0,"66":1,"67":1,"68":1,"69":0,"70":0,"71":1,"72":1,"73":1,"74":1,"75":0,"76":0,"77":1,"78":0,"79":0,"80":0,"81":0,"82":1,"83":2,"84":1,"85":1,"86":1,"87":0,"88":3,"89":5,"90":5,"91":5,"92":0,"93":0,"94":5,"95":0,"96":0,"97":5,"98":5,"99":5,"100":0,"101":0,"102":5,"103":5,"104":5,"105":5,"106":0,"107":0,"108":5,"109":3,"110":3,"111":3,"112":3,"113":2,"114":2,"115":0,"116":0,"117":0,"118":0,"119":2,"120":3,"121":2,"122":2,"123":2,"124":0,"125":3,"126":8,"127":8,"128":8,"129":0,"130":0,"131":8,"132":0,"133":0,"134":8,"135":8,"136":0,"137":0,"138":8,"139":8,"140":8,"141":3,"142":3},"f":{"0":5,"1":5,"2":8,"3":6,"4":6,"5":1,"6":1,"7":1,"8":1,"9":2,"10":5,"11":5,"12":5,"13":5,"14":3,"15":8,"16":8},"b":{"0":[0],"1":[5,5],"2":[2],"3":[0],"4":[0],"5":[6,6],"6":[0],"7":[0],"8":[0],"9":[0],"10":[0],"11":[0],"12":[0],"13":[0],"14":[0],"15":[1,1],"16":[0],"17":[0],"18":[0],"19":[0],"20":[3],"21":[5,5],"22":[0],"23":[8,8],"24":[0],"25":[0],"26":[0]}}
,"C:\\Users\\guter\\OneDrive\\שולחן העבודה\\projects\\final project tom and hodaya\\new version\\chargingStation\\server\\src\\models\\add_charging_model.ts": {"path":"C:\\Users\\guter\\OneDrive\\שולחן העבודה\\projects\\final project tom and hodaya\\new version\\chargingStation\\server\\src\\models\\add_charging_model.ts","statementMap":{"0":{"start":{"line":1,"column":0},"end":{"line":1,"column":32}},"1":{"start":{"line":3,"column":22},"end":{"line":8,"column":2}},"2":{"start":{"line":10,"column":23},"end":{"line":45,"column":2}},"3":{"start":{"line":47,"column":22},"end":{"line":47,"column":64}},"4":{"start":{"line":48,"column":0},"end":{"line":48,"column":29}}},"fnMap":{},"branchMap":{},"s":{"0":3,"1":3,"2":3,"3":3,"4":3},"f":{},"b":{}}
,"C:\\Users\\guter\\OneDrive\\שולחן העבודה\\projects\\final project tom and hodaya\\new version\\chargingStation\\server\\src\\models\\user_model.ts": {"path":"C:\\Users\\guter\\OneDrive\\שולחן העבודה\\projects\\final project tom and hodaya\\new version\\chargingStation\\server\\src\\models\\user_model.ts","statementMap":{"0":{"start":{"line":1,"column":0},"end":{"line":1,"column":32}},"1":{"start":{"line":3,"column":19},"end":{"line":37,"column":2}},"2":{"start":{"line":39,"column":18},"end":{"line":39,"column":53}},"3":{"start":{"line":40,"column":0},"end":{"line":40,"column":25}}},"fnMap":{},"branchMap":{},"s":{"0":3,"1":3,"2":3,"3":3},"f":{},"b":{}}
,"C:\\Users\\guter\\OneDrive\\שולחן העבודה\\projects\\final project tom and hodaya\\new version\\chargingStation\\server\\src\\routes\\add_charging_route.ts": {"path":"C:\\Users\\guter\\OneDrive\\שולחן העבודה\\projects\\final project tom and hodaya\\new version\\chargingStation\\server\\src\\routes\\add_charging_route.ts","statementMap":{"0":{"start":{"line":1,"column":0},"end":{"line":1,"column":33}},"1":{"start":{"line":2,"column":0},"end":{"line":2,"column":77}},"2":{"start":{"line":3,"column":0},"end":{"line":3,"column":69}},"3":{"start":{"line":5,"column":15},"end":{"line":5,"column":23}},"4":{"start":{"line":167,"column":0},"end":{"line":169,"column":3}},"5":{"start":{"line":168,"column":4},"end":{"line":168,"column":57}},"6":{"start":{"line":223,"column":0},"end":{"line":225,"column":3}},"7":{"start":{"line":224,"column":4},"end":{"line":224,"column":53}},"8":{"start":{"line":287,"column":0},"end":{"line":289,"column":3}},"9":{"start":{"line":288,"column":4},"end":{"line":288,"column":58}},"10":{"start":{"line":328,"column":0},"end":{"line":330,"column":3}},"11":{"start":{"line":329,"column":4},"end":{"line":329,"column":52}},"12":{"start":{"line":368,"column":0},"end":{"line":370,"column":3}},"13":{"start":{"line":369,"column":4},"end":{"line":369,"column":56}},"14":{"start":{"line":430,"column":0},"end":{"line":432,"column":3}},"15":{"start":{"line":431,"column":4},"end":{"line":431,"column":65}},"16":{"start":{"line":436,"column":0},"end":{"line":436,"column":22}}},"fnMap":{"0":{"name":"(anonymous_1)","decl":{"start":{"line":167,"column":43},"end":{"line":167,"column":44}},"loc":{"start":{"line":167,"column":56},"end":{"line":169,"column":1}}},"1":{"name":"(anonymous_2)","decl":{"start":{"line":223,"column":41},"end":{"line":223,"column":42}},"loc":{"start":{"line":223,"column":54},"end":{"line":225,"column":1}}},"2":{"name":"(anonymous_3)","decl":{"start":{"line":287,"column":68},"end":{"line":287,"column":69}},"loc":{"start":{"line":287,"column":81},"end":{"line":289,"column":1}}},"3":{"name":"(anonymous_4)","decl":{"start":{"line":328,"column":56},"end":{"line":328,"column":57}},"loc":{"start":{"line":328,"column":69},"end":{"line":330,"column":1}}},"4":{"name":"(anonymous_5)","decl":{"start":{"line":368,"column":64},"end":{"line":368,"column":65}},"loc":{"start":{"line":368,"column":77},"end":{"line":370,"column":1}}},"5":{"name":"(anonymous_6)","decl":{"start":{"line":430,"column":78},"end":{"line":430,"column":79}},"loc":{"start":{"line":430,"column":91},"end":{"line":432,"column":1}}}},"branchMap":{},"s":{"0":3,"1":3,"2":3,"3":3,"4":3,"5":2,"6":3,"7":1,"8":3,"9":1,"10":3,"11":1,"12":3,"13":0,"14":3,"15":1,"16":3},"f":{"0":2,"1":1,"2":1,"3":1,"4":0,"5":1},"b":{}}
,"C:\\Users\\guter\\OneDrive\\שולחן העבודה\\projects\\final project tom and hodaya\\new version\\chargingStation\\server\\src\\routes\\add_comments_route.ts": {"path":"C:\\Users\\guter\\OneDrive\\שולחן העבודה\\projects\\final project tom and hodaya\\new version\\chargingStation\\server\\src\\routes\\add_comments_route.ts","statementMap":{"0":{"start":{"line":1,"column":0},"end":{"line":1,"column":33}},"1":{"start":{"line":2,"column":0},"end":{"line":2,"column":77}},"2":{"start":{"line":3,"column":0},"end":{"line":3,"column":69}},"3":{"start":{"line":6,"column":15},"end":{"line":6,"column":23}},"4":{"start":{"line":111,"column":0},"end":{"line":113,"column":3}},"5":{"start":{"line":112,"column":4},"end":{"line":112,"column":49}},"6":{"start":{"line":186,"column":0},"end":{"line":188,"column":3}},"7":{"start":{"line":187,"column":4},"end":{"line":187,"column":53}},"8":{"start":{"line":294,"column":0},"end":{"line":296,"column":3}},"9":{"start":{"line":295,"column":4},"end":{"line":295,"column":52}},"10":{"start":{"line":376,"column":0},"end":{"line":378,"column":3}},"11":{"start":{"line":377,"column":4},"end":{"line":377,"column":56}},"12":{"start":{"line":382,"column":0},"end":{"line":382,"column":22}}},"fnMap":{"0":{"name":"(anonymous_1)","decl":{"start":{"line":111,"column":54},"end":{"line":111,"column":55}},"loc":{"start":{"line":111,"column":67},"end":{"line":113,"column":1}}},"1":{"name":"(anonymous_2)","decl":{"start":{"line":186,"column":48},"end":{"line":186,"column":49}},"loc":{"start":{"line":186,"column":61},"end":{"line":188,"column":1}}},"2":{"name":"(anonymous_3)","decl":{"start":{"line":294,"column":67},"end":{"line":294,"column":68}},"loc":{"start":{"line":294,"column":80},"end":{"line":296,"column":1}}},"3":{"name":"(anonymous_4)","decl":{"start":{"line":376,"column":70},"end":{"line":376,"column":71}},"loc":{"start":{"line":376,"column":83},"end":{"line":378,"column":1}}}},"branchMap":{},"s":{"0":3,"1":3,"2":3,"3":3,"4":3,"5":1,"6":3,"7":1,"8":3,"9":1,"10":3,"11":1,"12":3},"f":{"0":1,"1":1,"2":1,"3":1},"b":{}}
,"C:\\Users\\guter\\OneDrive\\שולחן העבודה\\projects\\final project tom and hodaya\\new version\\chargingStation\\server\\src\\routes\\user_route.ts": {"path":"C:\\Users\\guter\\OneDrive\\שולחן העבודה\\projects\\final project tom and hodaya\\new version\\chargingStation\\server\\src\\routes\\user_route.ts","statementMap":{"0":{"start":{"line":1,"column":0},"end":{"line":1,"column":30}},"1":{"start":{"line":2,"column":15},"end":{"line":2,"column":31}},"2":{"start":{"line":3,"column":0},"end":{"line":3,"column":69}},"3":{"start":{"line":67,"column":0},"end":{"line":69,"column":3}},"4":{"start":{"line":68,"column":2},"end":{"line":68,"column":38}},"5":{"start":{"line":108,"column":0},"end":{"line":108,"column":48}},"6":{"start":{"line":137,"column":0},"end":{"line":137,"column":50}},"7":{"start":{"line":177,"column":0},"end":{"line":177,"column":57}},"8":{"start":{"line":179,"column":0},"end":{"line":179,"column":22}}},"fnMap":{"0":{"name":"(anonymous_1)","decl":{"start":{"line":67,"column":23},"end":{"line":67,"column":24}},"loc":{"start":{"line":67,"column":36},"end":{"line":69,"column":1}}}},"branchMap":{},"s":{"0":3,"1":3,"2":3,"3":3,"4":5,"5":3,"6":3,"7":3,"8":3},"f":{"0":5},"b":{}}
}
