TN:
SF:src\server.ts
FN:33,(anonymous_8)
FN:33,(anonymous_9)
FNF:2
FNH:2
FNDA:3,(anonymous_8)
FNDA:3,(anonymous_9)
DA:4,3
DA:5,3
DA:6,3
DA:7,3
DA:8,3
DA:9,3
DA:10,3
DA:11,3
DA:12,3
DA:14,3
DA:15,3
DA:17,3
DA:29,3
DA:30,3
DA:33,3
DA:34,3
DA:35,0
DA:38,3
DA:39,3
DA:40,3
DA:42,0
DA:43,0
DA:47,3
DA:48,3
DA:51,3
DA:52,3
DA:53,3
DA:55,3
DA:58,3
LF:29
LH:26
BRDA:34,0,0,0
BRF:1
BRH:0
end_of_record
TN:
SF:src\controllers\add_charging_controller.ts
FN:6,(anonymous_8)
FN:6,(anonymous_9)
FN:19,(anonymous_10)
FN:34,(anonymous_11)
FN:34,(anonymous_12)
FN:51,(anonymous_13)
FN:51,(anonymous_14)
FN:67,(anonymous_15)
FN:67,(anonymous_16)
FN:77,(anonymous_17)
FN:89,(anonymous_18)
FN:89,(anonymous_19)
FN:102,(anonymous_20)
FN:102,(anonymous_21)
FNF:14
FNH:12
FNDA:2,(anonymous_8)
FNDA:2,(anonymous_9)
FNDA:4,(anonymous_10)
FNDA:1,(anonymous_11)
FNDA:1,(anonymous_12)
FNDA:1,(anonymous_13)
FNDA:1,(anonymous_14)
FNDA:1,(anonymous_15)
FNDA:1,(anonymous_16)
FNDA:6,(anonymous_17)
FNDA:0,(anonymous_18)
FNDA:0,(anonymous_19)
FNDA:1,(anonymous_20)
FNDA:1,(anonymous_21)
DA:2,3
DA:3,3
DA:4,3
DA:6,3
DA:7,2
DA:8,2
DA:11,2
DA:19,4
DA:26,2
DA:28,2
DA:30,0
DA:34,3
DA:35,1
DA:36,1
DA:38,1
DA:39,1
DA:40,0
DA:45,1
DA:47,0
DA:51,3
DA:52,1
DA:53,1
DA:55,1
DA:56,1
DA:57,0
DA:60,1
DA:62,0
DA:67,3
DA:68,1
DA:69,1
DA:70,1
DA:72,1
DA:73,1
DA:74,0
DA:77,1
DA:78,6
DA:81,1
DA:83,1
DA:85,0
DA:89,3
DA:90,0
DA:91,0
DA:93,0
DA:96,0
DA:98,0
DA:102,3
DA:103,1
DA:104,1
DA:106,1
DA:107,1
DA:108,0
DA:111,1
DA:112,1
DA:113,0
DA:116,1
DA:119,1
DA:120,1
DA:121,1
DA:126,1
DA:128,0
DA:132,3
LF:61
LH:46
BRDA:39,0,0,0
BRDA:56,1,0,0
BRDA:73,2,0,0
BRDA:107,3,0,0
BRDA:112,4,0,0
BRDA:119,5,0,1
BRF:6
BRH:1
end_of_record
TN:
SF:src\controllers\add_comments_controller.ts
FN:4,(anonymous_8)
FN:4,(anonymous_9)
FN:32,(anonymous_10)
FN:32,(anonymous_11)
FN:53,(anonymous_12)
FN:53,(anonymous_13)
FN:79,(anonymous_14)
FN:79,(anonymous_15)
FNF:8
FNH:8
FNDA:1,(anonymous_8)
FNDA:1,(anonymous_9)
FNDA:1,(anonymous_10)
FNDA:1,(anonymous_11)
FNDA:1,(anonymous_12)
FNDA:1,(anonymous_13)
FNDA:1,(anonymous_14)
FNDA:1,(anonymous_15)
DA:2,3
DA:4,3
DA:5,1
DA:6,1
DA:7,1
DA:9,1
DA:10,0
DA:14,1
DA:15,1
DA:16,0
DA:20,1
DA:21,1
DA:23,1
DA:28,0
DA:32,3
DA:33,1
DA:34,1
DA:36,1
DA:37,1
DA:38,0
DA:41,1
DA:42,1
DA:43,0
DA:46,1
DA:48,0
DA:53,3
DA:54,1
DA:56,1
DA:57,1
DA:58,1
DA:60,1
DA:61,1
DA:62,0
DA:65,1
DA:66,1
DA:67,0
DA:70,1
DA:71,1
DA:73,1
DA:75,0
DA:79,3
DA:80,1
DA:81,1
DA:83,1
DA:84,1
DA:85,0
DA:88,1
DA:89,1
DA:90,0
DA:93,1
DA:94,1
DA:96,1
DA:98,0
DA:102,3
LF:54
LH:42
BRDA:9,0,0,0
BRDA:15,1,0,0
BRDA:37,2,0,0
BRDA:42,3,0,0
BRDA:61,4,0,0
BRDA:66,5,0,0
BRDA:84,6,0,0
BRDA:89,7,0,0
BRF:8
BRH:0
end_of_record
TN:
SF:src\controllers\user_controller_auth.ts
FN:6,(anonymous_8)
FN:6,(anonymous_9)
FN:39,(anonymous_10)
FN:67,(anonymous_11)
FN:67,(anonymous_12)
FN:110,(anonymous_13)
FN:110,(anonymous_14)
FN:124,(anonymous_15)
FN:124,(anonymous_16)
FN:143,(anonymous_17)
FN:155,(anonymous_18)
FN:155,(anonymous_19)
FN:169,(anonymous_20)
FN:169,(anonymous_21)
FN:200,(anonymous_22)
FN:221,(anonymous_23)
FN:236,(anonymous_24)
FNF:17
FNH:17
FNDA:5,(anonymous_8)
FNDA:5,(anonymous_9)
FNDA:8,(anonymous_10)
FNDA:6,(anonymous_11)
FNDA:6,(anonymous_12)
FNDA:1,(anonymous_13)
FNDA:1,(anonymous_14)
FNDA:1,(anonymous_15)
FNDA:1,(anonymous_16)
FNDA:2,(anonymous_17)
FNDA:5,(anonymous_18)
FNDA:5,(anonymous_19)
FNDA:5,(anonymous_20)
FNDA:5,(anonymous_21)
FNDA:3,(anonymous_22)
FNDA:8,(anonymous_23)
FNDA:8,(anonymous_24)
DA:2,3
DA:3,3
DA:4,3
DA:6,5
DA:7,5
DA:8,5
DA:9,5
DA:10,5
DA:12,5
DA:13,5
DA:14,0
DA:15,0
DA:17,5
DA:18,5
DA:19,5
DA:20,2
DA:21,2
DA:24,3
DA:25,3
DA:26,3
DA:33,3
DA:35,0
DA:39,3
DA:42,8
DA:43,8
DA:44,0
DA:46,8
DA:55,8
DA:64,8
DA:67,6
DA:68,6
DA:69,6
DA:70,6
DA:71,0
DA:72,0
DA:74,6
DA:75,6
DA:76,6
DA:77,0
DA:78,0
DA:80,6
DA:81,6
DA:82,0
DA:83,0
DA:87,6
DA:88,6
DA:89,6
DA:90,0
DA:91,0
DA:94,6
DA:95,0
DA:97,6
DA:98,6
DA:99,6
DA:106,0
DA:110,3
DA:111,1
DA:112,1
DA:113,0
DA:114,0
DA:117,1
DA:118,0
DA:119,0
DA:121,1
DA:124,1
DA:125,1
DA:126,0
DA:127,0
DA:129,1
DA:130,1
DA:131,1
DA:132,1
DA:133,0
DA:134,0
DA:136,1
DA:137,0
DA:138,0
DA:139,0
DA:140,0
DA:142,1
DA:143,2
DA:145,1
DA:146,1
DA:147,1
DA:149,0
DA:155,5
DA:157,5
DA:158,5
DA:159,0
DA:160,0
DA:162,5
DA:163,0
DA:164,0
DA:166,5
DA:169,5
DA:170,5
DA:171,0
DA:172,0
DA:175,5
DA:176,5
DA:177,5
DA:178,5
DA:179,0
DA:180,0
DA:183,5
DA:184,3
DA:185,3
DA:186,3
DA:187,3
DA:190,2
DA:191,2
DA:192,0
DA:193,0
DA:194,0
DA:195,0
DA:199,2
DA:200,3
DA:203,2
DA:204,2
DA:207,2
DA:212,0
DA:221,3
DA:226,8
DA:227,8
DA:228,8
DA:229,0
DA:230,0
DA:232,8
DA:233,0
DA:234,0
DA:236,8
DA:237,8
DA:238,0
DA:239,0
DA:241,8
DA:242,8
DA:243,8
DA:247,3
LF:138
LH:92
BRDA:13,0,0,0
BRDA:13,1,0,5
BRDA:13,1,1,5
BRDA:19,2,0,2
BRDA:43,3,0,0
BRDA:70,4,0,0
BRDA:70,5,0,6
BRDA:70,5,1,6
BRDA:76,6,0,0
BRDA:81,7,0,0
BRDA:89,8,0,0
BRDA:94,9,0,0
BRDA:112,10,0,0
BRDA:117,11,0,0
BRDA:125,12,0,0
BRDA:132,13,0,0
BRDA:136,14,0,0
BRDA:136,15,0,1
BRDA:136,15,1,1
BRDA:158,16,0,0
BRDA:162,17,0,0
BRDA:170,18,0,0
BRDA:178,19,0,0
BRDA:183,20,0,3
BRDA:183,21,0,5
BRDA:183,21,1,5
BRDA:191,22,0,0
BRDA:227,23,0,8
BRDA:227,23,1,8
BRDA:228,24,0,0
BRDA:232,25,0,0
BRDA:237,26,0,0
BRF:32
BRH:12
end_of_record
TN:
SF:src\models\add_charging_model.ts
FNF:0
FNH:0
DA:1,3
DA:3,3
DA:10,3
DA:47,3
DA:48,3
LF:5
LH:5
BRF:0
BRH:0
end_of_record
TN:
SF:src\models\user_model.ts
FNF:0
FNH:0
DA:1,3
DA:3,3
DA:39,3
DA:40,3
LF:4
LH:4
BRF:0
BRH:0
end_of_record
TN:
SF:src\routes\add_charging_route.ts
FN:167,(anonymous_1)
FN:223,(anonymous_2)
FN:287,(anonymous_3)
FN:328,(anonymous_4)
FN:368,(anonymous_5)
FN:430,(anonymous_6)
FNF:6
FNH:5
FNDA:2,(anonymous_1)
FNDA:1,(anonymous_2)
FNDA:1,(anonymous_3)
FNDA:1,(anonymous_4)
FNDA:0,(anonymous_5)
FNDA:1,(anonymous_6)
DA:1,3
DA:2,3
DA:3,3
DA:5,3
DA:167,3
DA:168,2
DA:223,3
DA:224,1
DA:287,3
DA:288,1
DA:328,3
DA:329,1
DA:368,3
DA:369,0
DA:430,3
DA:431,1
DA:436,3
LF:17
LH:16
BRF:0
BRH:0
end_of_record
TN:
SF:src\routes\add_comments_route.ts
FN:111,(anonymous_1)
FN:186,(anonymous_2)
FN:294,(anonymous_3)
FN:376,(anonymous_4)
FNF:4
FNH:4
FNDA:1,(anonymous_1)
FNDA:1,(anonymous_2)
FNDA:1,(anonymous_3)
FNDA:1,(anonymous_4)
DA:1,3
DA:2,3
DA:3,3
DA:6,3
DA:111,3
DA:112,1
DA:186,3
DA:187,1
DA:294,3
DA:295,1
DA:376,3
DA:377,1
DA:382,3
LF:13
LH:13
BRF:0
BRH:0
end_of_record
TN:
SF:src\routes\user_route.ts
FN:67,(anonymous_1)
FNF:1
FNH:1
FNDA:5,(anonymous_1)
DA:1,3
DA:2,3
DA:3,3
DA:67,3
DA:68,5
DA:108,3
DA:137,3
DA:177,3
DA:179,3
LF:9
LH:9
BRF:0
BRH:0
end_of_record
