TN:
SF:src\server.ts
FN:29,(anonymous_8)
FN:31,(anonymous_9)
FN:61,(anonymous_10)
FN:61,(anonymous_11)
FNF:4
FNH:4
FNDA:5,(anonymous_8)
FNDA:5,(anonymous_9)
FNDA:5,(anonymous_10)
FNDA:5,(anonymous_11)
DA:1,5
DA:2,5
DA:3,5
DA:4,5
DA:5,5
DA:6,5
DA:7,5
DA:8,5
DA:9,5
DA:10,5
DA:11,5
DA:12,5
DA:13,5
DA:14,5
DA:15,5
DA:16,5
DA:18,5
DA:19,5
DA:22,5
DA:29,5
DA:30,5
DA:31,5
DA:32,5
DA:33,5
DA:34,0
DA:39,5
DA:41,5
DA:45,5
DA:58,5
DA:59,5
DA:61,5
DA:62,5
DA:63,0
DA:66,5
DA:67,5
DA:68,5
DA:70,0
DA:71,0
DA:74,5
DA:75,5
DA:77,5
DA:78,5
DA:79,5
DA:80,5
DA:81,5
DA:82,5
DA:83,5
DA:85,5
DA:88,5
LF:49
LH:45
BRDA:33,0,0,0
BRDA:62,1,0,0
BRF:2
BRH:0
end_of_record
TN:
SF:src\uploads.ts
FN:7,(anonymous_1)
FN:19,(anonymous_2)
FNF:2
FNH:2
FNDA:3,(anonymous_1)
FNDA:3,(anonymous_2)
DA:1,5
DA:2,5
DA:3,5
DA:6,5
DA:8,3
DA:10,3
DA:11,0
DA:14,3
DA:15,3
DA:17,3
DA:20,3
DA:21,3
DA:25,5
DA:27,5
LF:14
LH:13
BRDA:10,0,0,0
BRF:1
BRH:0
end_of_record
TN:
SF:src\controllers\book_a_charger_controller.ts
FN:4,(anonymous_8)
FN:4,(anonymous_9)
FN:39,(anonymous_10)
FN:39,(anonymous_11)
FN:48,(anonymous_12)
FN:48,(anonymous_13)
FN:61,(anonymous_14)
FN:61,(anonymous_15)
FN:75,(anonymous_16)
FN:75,(anonymous_17)
FN:88,(anonymous_18)
FN:88,(anonymous_19)
FN:102,(anonymous_20)
FN:102,(anonymous_21)
FNF:14
FNH:12
FNDA:1,(anonymous_8)
FNDA:1,(anonymous_9)
FNDA:1,(anonymous_10)
FNDA:1,(anonymous_11)
FNDA:0,(anonymous_12)
FNDA:0,(anonymous_13)
FNDA:1,(anonymous_14)
FNDA:1,(anonymous_15)
FNDA:2,(anonymous_16)
FNDA:2,(anonymous_17)
FNDA:1,(anonymous_18)
FNDA:1,(anonymous_19)
FNDA:1,(anonymous_20)
FNDA:1,(anonymous_21)
DA:2,5
DA:4,5
DA:5,1
DA:14,1
DA:17,1
DA:18,1
DA:19,1
DA:21,1
DA:31,1
DA:33,1
DA:35,0
DA:39,5
DA:40,1
DA:41,1
DA:42,1
DA:44,0
DA:48,5
DA:49,0
DA:50,0
DA:51,0
DA:52,0
DA:53,0
DA:55,0
DA:57,0
DA:61,5
DA:62,1
DA:63,1
DA:64,1
DA:65,1
DA:66,0
DA:69,1
DA:71,0
DA:75,5
DA:76,2
DA:77,2
DA:78,2
DA:79,2
DA:80,0
DA:82,2
DA:84,0
DA:88,5
DA:89,1
DA:90,1
DA:91,1
DA:92,1
DA:93,1
DA:95,0
DA:97,0
DA:102,5
DA:103,1
DA:104,1
DA:105,1
DA:106,1
DA:107,0
DA:110,1
DA:112,1
DA:113,1
DA:115,1
DA:116,1
DA:118,1
DA:119,1
DA:121,1
DA:122,1
DA:124,1
DA:125,1
DA:127,1
DA:128,1
DA:131,1
DA:132,1
DA:134,0
DA:140,5
LF:71
LH:54
BRDA:52,0,0,0
BRDA:65,1,0,0
BRDA:79,2,0,0
BRDA:92,3,0,1
BRDA:106,4,0,0
BRDA:112,5,0,1
BRDA:112,6,0,1
BRDA:112,6,1,1
BRDA:115,7,0,1
BRDA:115,8,0,1
BRDA:115,8,1,1
BRDA:118,9,0,1
BRDA:121,10,0,1
BRDA:124,11,0,1
BRDA:127,12,0,1
BRF:15
BRH:11
end_of_record
TN:
SF:src\controllers\car_data_controller.ts
FN:5,(anonymous_8)
FN:5,(anonymous_9)
FN:41,(anonymous_10)
FN:41,(anonymous_11)
FNF:4
FNH:4
FNDA:1,(anonymous_8)
FNDA:1,(anonymous_9)
FNDA:1,(anonymous_10)
FNDA:1,(anonymous_11)
DA:2,5
DA:3,5
DA:5,5
DA:6,1
DA:8,1
DA:9,0
DA:12,1
DA:13,1
DA:14,1
DA:15,0
DA:17,1
DA:19,1
DA:20,1
DA:31,1
DA:34,0
DA:36,0
DA:37,0
DA:41,5
DA:42,1
DA:44,1
DA:45,0
DA:48,1
DA:49,1
DA:50,1
DA:51,0
DA:54,1
DA:56,1
DA:58,0
DA:59,0
DA:65,5
LF:30
LH:21
BRDA:8,0,0,0
BRDA:14,1,0,0
BRDA:19,2,0,1
BRDA:19,3,0,1
BRDA:19,3,1,1
BRDA:44,4,0,0
BRDA:50,5,0,0
BRF:7
BRH:3
end_of_record
TN:
SF:src\controllers\charger_controller.ts
FN:8,(anonymous_8)
FN:8,(anonymous_9)
FN:35,(anonymous_10)
FN:35,(anonymous_11)
FN:92,(anonymous_12)
FN:92,(anonymous_13)
FN:108,(anonymous_14)
FN:108,(anonymous_15)
FN:125,(anonymous_16)
FN:125,(anonymous_17)
FN:138,(anonymous_18)
FN:138,(anonymous_19)
FN:193,(anonymous_20)
FN:193,(anonymous_21)
FN:220,(anonymous_22)
FN:220,(anonymous_23)
FN:240,(anonymous_24)
FN:240,(anonymous_25)
FN:258,(anonymous_26)
FN:267,(anonymous_27)
FN:277,(anonymous_28)
FN:286,(anonymous_29)
FNF:22
FNH:17
FNDA:0,(anonymous_8)
FNDA:0,(anonymous_9)
FNDA:3,(anonymous_10)
FNDA:3,(anonymous_11)
FNDA:2,(anonymous_12)
FNDA:2,(anonymous_13)
FNDA:2,(anonymous_14)
FNDA:2,(anonymous_15)
FNDA:1,(anonymous_16)
FNDA:1,(anonymous_17)
FNDA:1,(anonymous_18)
FNDA:1,(anonymous_19)
FNDA:3,(anonymous_20)
FNDA:3,(anonymous_21)
FNDA:2,(anonymous_22)
FNDA:2,(anonymous_23)
FNDA:3,(anonymous_24)
FNDA:3,(anonymous_25)
FNDA:0,(anonymous_26)
FNDA:0,(anonymous_27)
FNDA:0,(anonymous_28)
FNDA:1,(anonymous_29)
DA:2,5
DA:3,5
DA:4,5
DA:5,5
DA:6,5
DA:8,5
DA:9,0
DA:10,0
DA:13,0
DA:14,0
DA:15,0
DA:19,0
DA:20,0
DA:21,0
DA:23,0
DA:24,0
DA:26,0
DA:27,0
DA:30,0
DA:31,0
DA:35,5
DA:36,3
DA:37,3
DA:38,3
DA:41,3
DA:49,0
DA:57,3
DA:58,3
DA:60,0
DA:63,3
DA:64,0
DA:67,3
DA:69,3
DA:80,3
DA:82,3
DA:87,0
DA:88,0
DA:92,5
DA:94,2
DA:95,2
DA:97,2
DA:98,2
DA:99,1
DA:102,1
DA:104,0
DA:108,5
DA:109,2
DA:110,2
DA:112,2
DA:113,1
DA:114,0
DA:119,1
DA:121,1
DA:125,5
DA:126,1
DA:127,1
DA:128,1
DA:129,0
DA:132,1
DA:134,0
DA:138,5
DA:139,1
DA:140,1
DA:142,1
DA:143,1
DA:144,0
DA:147,1
DA:148,0
DA:149,0
DA:150,0
DA:151,0
DA:152,0
DA:154,0
DA:158,1
DA:159,0
DA:160,1
DA:162,1
DA:163,1
DA:165,1
DA:166,0
DA:167,0
DA:171,0
DA:172,0
DA:176,0
DA:179,1
DA:181,1
DA:186,0
DA:187,0
DA:193,5
DA:194,3
DA:195,3
DA:197,3
DA:198,3
DA:199,1
DA:203,2
DA:204,2
DA:205,2
DA:206,2
DA:209,2
DA:211,2
DA:213,2
DA:215,0
DA:220,5
DA:221,2
DA:222,2
DA:224,2
DA:225,1
DA:226,0
DA:229,1
DA:230,1
DA:231,0
DA:234,1
DA:236,1
DA:240,5
DA:241,3
DA:242,3
DA:243,3
DA:245,3
DA:246,3
DA:247,2
DA:248,0
DA:251,2
DA:252,2
DA:254,2
DA:255,1
DA:256,0
DA:257,0
DA:258,0
DA:261,1
DA:262,1
DA:264,1
DA:265,0
DA:266,0
DA:267,0
DA:273,2
DA:274,1
DA:275,0
DA:276,0
DA:277,0
DA:280,1
DA:281,1
DA:283,1
DA:284,1
DA:285,1
DA:286,1
DA:292,2
DA:294,2
DA:296,1
DA:300,5
LF:149
LH:98
BRDA:19,0,0,0
BRDA:19,0,1,0
BRDA:41,1,0,0
BRDA:42,2,0,3
BRDA:42,2,1,3
BRDA:42,2,2,3
BRDA:42,2,3,3
BRDA:42,2,4,3
BRDA:42,2,5,3
BRDA:57,3,0,3
BRDA:57,3,1,0
BRDA:63,4,0,0
BRDA:98,5,0,1
BRDA:113,6,0,0
BRDA:128,7,0,0
BRDA:143,8,0,0
BRDA:147,9,0,0
BRDA:147,10,0,1
BRDA:147,10,1,0
BRDA:149,11,0,0
BRDA:149,11,1,0
BRDA:158,12,0,0
BRDA:160,13,0,1
BRDA:162,14,0,1
BRDA:165,15,0,0
BRDA:166,16,0,0
BRDA:171,17,0,0
BRDA:198,18,0,1
BRDA:203,19,0,2
BRDA:205,20,0,2
BRDA:225,21,0,0
BRDA:230,22,0,0
BRDA:247,23,0,0
BRDA:251,24,0,2
BRDA:251,24,1,0
BRDA:251,25,0,2
BRDA:251,25,1,2
BRDA:252,26,0,2
BRDA:252,26,1,0
BRDA:252,27,0,2
BRDA:252,27,1,2
BRDA:254,28,0,1
BRDA:255,29,0,0
BRDA:255,29,1,1
BRDA:264,30,0,0
BRDA:273,31,0,1
BRDA:274,32,0,0
BRDA:274,32,1,1
BRDA:283,33,0,1
BRF:49
BRH:25
end_of_record
TN:
SF:src\controllers\commentsOnCharger_controller.ts
FN:5,(anonymous_8)
FN:5,(anonymous_9)
FN:36,(anonymous_10)
FN:36,(anonymous_11)
FN:57,(anonymous_12)
FN:57,(anonymous_13)
FN:82,(anonymous_14)
FN:82,(anonymous_15)
FN:105,(anonymous_16)
FN:105,(anonymous_17)
FN:122,(anonymous_18)
FN:122,(anonymous_19)
FN:128,(anonymous_20)
FN:140,(anonymous_21)
FN:147,(anonymous_22)
FN:155,(anonymous_23)
FN:162,(anonymous_24)
FNF:17
FNH:14
FNDA:1,(anonymous_8)
FNDA:1,(anonymous_9)
FNDA:1,(anonymous_10)
FNDA:1,(anonymous_11)
FNDA:1,(anonymous_12)
FNDA:1,(anonymous_13)
FNDA:1,(anonymous_14)
FNDA:1,(anonymous_15)
FNDA:1,(anonymous_16)
FNDA:1,(anonymous_17)
FNDA:2,(anonymous_18)
FNDA:2,(anonymous_19)
FNDA:2,(anonymous_20)
FNDA:0,(anonymous_21)
FNDA:0,(anonymous_22)
FNDA:0,(anonymous_23)
FNDA:1,(anonymous_24)
DA:2,5
DA:3,5
DA:5,5
DA:6,1
DA:8,1
DA:9,0
DA:12,1
DA:13,1
DA:15,1
DA:16,0
DA:19,1
DA:26,1
DA:28,1
DA:29,1
DA:31,0
DA:32,0
DA:36,5
DA:37,1
DA:38,1
DA:40,1
DA:41,1
DA:42,0
DA:45,1
DA:46,1
DA:47,0
DA:50,1
DA:52,0
DA:57,5
DA:59,1
DA:60,1
DA:61,1
DA:63,1
DA:64,1
DA:65,0
DA:68,1
DA:69,1
DA:70,0
DA:73,1
DA:74,1
DA:76,1
DA:78,0
DA:82,5
DA:83,1
DA:84,1
DA:86,1
DA:87,1
DA:88,0
DA:91,1
DA:92,1
DA:93,0
DA:96,1
DA:97,1
DA:99,1
DA:101,0
DA:105,5
DA:106,1
DA:107,1
DA:109,1
DA:110,1
DA:111,0
DA:114,1
DA:116,0
DA:122,5
DA:123,2
DA:124,2
DA:126,2
DA:127,2
DA:128,2
DA:130,2
DA:131,0
DA:134,2
DA:135,2
DA:137,2
DA:138,1
DA:139,0
DA:140,0
DA:142,1
DA:143,1
DA:145,1
DA:146,0
DA:147,0
DA:152,2
DA:153,1
DA:154,0
DA:155,0
DA:157,1
DA:158,1
DA:160,1
DA:161,1
DA:162,1
DA:167,2
DA:168,2
DA:169,2
DA:173,0
DA:174,0
DA:182,5
LF:96
LH:72
BRDA:6,0,0,0
BRDA:6,1,0,0
BRDA:8,2,0,0
BRDA:8,3,0,1
BRDA:8,3,1,1
BRDA:8,3,2,1
BRDA:15,4,0,0
BRDA:41,5,0,0
BRDA:46,6,0,0
BRDA:64,7,0,0
BRDA:69,8,0,0
BRDA:87,9,0,0
BRDA:92,10,0,0
BRDA:110,11,0,0
BRDA:128,12,0,0
BRDA:128,12,1,2
BRDA:128,13,0,2
BRDA:128,13,1,2
BRDA:130,14,0,0
BRDA:134,15,0,2
BRDA:134,15,1,0
BRDA:134,16,0,2
BRDA:134,16,1,2
BRDA:135,17,0,2
BRDA:135,17,1,0
BRDA:135,18,0,2
BRDA:135,18,1,2
BRDA:137,19,0,1
BRDA:138,20,0,0
BRDA:138,20,1,1
BRDA:145,21,0,0
BRDA:152,22,0,1
BRDA:153,23,0,0
BRDA:153,23,1,1
BRDA:160,24,0,1
BRDA:167,25,0,2
BRF:36
BRH:18
end_of_record
TN:
SF:src\controllers\user_controller_auth.ts
FN:11,(anonymous_8)
FN:11,(anonymous_9)
FN:44,(anonymous_10)
FN:72,(anonymous_11)
FN:72,(anonymous_12)
FN:118,(anonymous_13)
FN:118,(anonymous_14)
FN:128,(anonymous_15)
FN:128,(anonymous_16)
FN:146,(anonymous_17)
FN:159,(anonymous_18)
FN:159,(anonymous_19)
FN:174,(anonymous_20)
FN:174,(anonymous_21)
FN:222,(anonymous_22)
FN:237,(anonymous_23)
FN:253,(anonymous_24)
FN:253,(anonymous_25)
FN:331,(anonymous_26)
FN:331,(anonymous_27)
FN:341,(anonymous_28)
FN:341,(anonymous_29)
FN:355,(anonymous_30)
FN:355,(anonymous_31)
FN:371,(anonymous_32)
FN:371,(anonymous_33)
FN:401,(anonymous_34)
FN:401,(anonymous_35)
FNF:28
FNH:24
FNDA:7,(anonymous_8)
FNDA:7,(anonymous_9)
FNDA:7,(anonymous_10)
FNDA:9,(anonymous_11)
FNDA:9,(anonymous_12)
FNDA:2,(anonymous_13)
FNDA:2,(anonymous_14)
FNDA:1,(anonymous_15)
FNDA:1,(anonymous_16)
FNDA:1,(anonymous_17)
FNDA:2,(anonymous_18)
FNDA:2,(anonymous_19)
FNDA:1,(anonymous_20)
FNDA:1,(anonymous_21)
FNDA:32,(anonymous_22)
FNDA:31,(anonymous_23)
FNDA:0,(anonymous_24)
FNDA:0,(anonymous_25)
FNDA:0,(anonymous_26)
FNDA:0,(anonymous_27)
FNDA:1,(anonymous_28)
FNDA:1,(anonymous_29)
FNDA:1,(anonymous_30)
FNDA:1,(anonymous_31)
FNDA:1,(anonymous_32)
FNDA:1,(anonymous_33)
FNDA:1,(anonymous_34)
FNDA:1,(anonymous_35)
DA:2,5
DA:3,5
DA:4,5
DA:5,5
DA:6,5
DA:7,5
DA:11,7
DA:12,7
DA:13,7
DA:14,7
DA:15,7
DA:17,7
DA:18,7
DA:19,1
DA:20,1
DA:22,6
DA:23,6
DA:24,6
DA:25,1
DA:26,1
DA:29,5
DA:30,5
DA:31,5
DA:38,5
DA:40,0
DA:44,5
DA:47,7
DA:48,7
DA:49,0
DA:51,7
DA:60,7
DA:69,7
DA:72,9
DA:73,9
DA:74,9
DA:75,9
DA:76,1
DA:77,1
DA:79,8
DA:80,8
DA:81,8
DA:82,1
DA:83,1
DA:85,7
DA:86,7
DA:87,1
DA:88,1
DA:92,6
DA:93,6
DA:94,6
DA:95,0
DA:96,0
DA:99,6
DA:100,0
DA:102,6
DA:103,6
DA:104,6
DA:114,0
DA:118,5
DA:119,2
DA:120,2
DA:121,1
DA:124,1
DA:125,0
DA:128,1
DA:129,1
DA:130,0
DA:133,1
DA:134,1
DA:135,1
DA:136,1
DA:137,0
DA:140,1
DA:141,0
DA:142,0
DA:143,0
DA:146,1
DA:147,1
DA:148,1
DA:150,0
DA:159,5
DA:161,2
DA:162,2
DA:163,1
DA:164,1
DA:166,1
DA:167,0
DA:168,0
DA:171,1
DA:174,1
DA:175,1
DA:176,0
DA:177,0
DA:180,1
DA:181,1
DA:182,1
DA:183,1
DA:184,0
DA:185,0
DA:188,1
DA:189,1
DA:190,0
DA:191,0
DA:194,1
DA:199,1
DA:204,1
DA:205,1
DA:210,0
DA:211,0
DA:222,5
DA:227,32
DA:228,32
DA:229,32
DA:230,1
DA:231,1
DA:233,31
DA:234,0
DA:235,0
DA:237,31
DA:238,31
DA:239,0
DA:240,0
DA:242,31
DA:243,31
DA:244,31
DA:251,5
DA:253,5
DA:254,0
DA:255,0
DA:257,0
DA:262,0
DA:264,0
DA:265,0
DA:268,0
DA:270,0
DA:271,0
DA:274,0
DA:276,0
DA:277,0
DA:279,0
DA:288,0
DA:289,0
DA:290,0
DA:291,0
DA:292,0
DA:294,0
DA:295,0
DA:298,0
DA:299,0
DA:300,0
DA:303,0
DA:304,0
DA:307,0
DA:308,0
DA:311,0
DA:313,0
DA:326,0
DA:327,0
DA:331,5
DA:332,0
DA:333,0
DA:334,0
DA:336,0
DA:337,0
DA:341,5
DA:342,1
DA:343,1
DA:344,1
DA:345,1
DA:346,0
DA:348,1
DA:350,0
DA:351,0
DA:355,5
DA:356,1
DA:357,1
DA:358,1
DA:359,1
DA:360,0
DA:362,1
DA:364,0
DA:365,0
DA:371,5
DA:372,1
DA:373,1
DA:374,1
DA:375,1
DA:377,1
DA:378,1
DA:379,0
DA:382,1
DA:383,0
DA:384,0
DA:385,0
DA:387,0
DA:390,1
DA:391,1
DA:393,0
DA:394,0
DA:401,5
DA:402,1
DA:404,1
DA:405,0
DA:408,1
DA:410,1
DA:411,1
DA:413,1
DA:416,0
DA:417,0
DA:423,5
LF:210
LH:131
BRDA:18,0,0,1
BRDA:18,1,0,7
BRDA:18,1,1,7
BRDA:24,2,0,1
BRDA:48,3,0,0
BRDA:75,4,0,1
BRDA:75,5,0,9
BRDA:75,5,1,8
BRDA:81,6,0,1
BRDA:86,7,0,1
BRDA:94,8,0,0
BRDA:99,9,0,0
BRDA:120,10,0,1
BRDA:124,11,0,0
BRDA:129,12,0,0
BRDA:136,13,0,0
BRDA:140,14,0,0
BRDA:140,15,0,1
BRDA:140,15,1,1
BRDA:162,16,0,1
BRDA:166,17,0,0
BRDA:175,18,0,0
BRDA:183,19,0,0
BRDA:183,20,0,1
BRDA:183,20,1,1
BRDA:189,21,0,0
BRDA:228,22,0,32
BRDA:228,22,1,32
BRDA:229,23,0,1
BRDA:233,24,0,0
BRDA:238,25,0,0
BRDA:264,26,0,0
BRDA:270,27,0,0
BRDA:270,28,0,0
BRDA:270,28,1,0
BRDA:276,29,0,0
BRDA:276,29,1,0
BRDA:289,30,0,0
BRDA:289,30,1,0
BRDA:291,31,0,0
BRDA:294,32,0,0
BRDA:299,33,0,0
BRDA:303,34,0,0
BRDA:307,35,0,0
BRDA:345,36,0,0
BRDA:359,37,0,0
BRDA:378,38,0,0
BRDA:382,39,0,0
BRDA:384,40,0,0
BRDA:402,41,0,0
BRDA:402,41,1,1
BRDA:402,42,0,1
BRDA:402,42,1,1
BRDA:404,43,0,0
BRDA:408,44,0,1
BRDA:408,44,1,0
BRF:56
BRH:22
end_of_record
TN:
SF:src\models\add_charging_model.ts
FNF:0
FNH:0
DA:1,5
DA:3,5
DA:42,5
DA:108,5
DA:109,5
LF:5
LH:5
BRF:0
BRH:0
end_of_record
TN:
SF:src\models\book_a_chrager.model.ts
FNF:0
FNH:0
DA:1,5
DA:3,5
DA:39,5
DA:40,5
LF:4
LH:4
BRF:0
BRH:0
end_of_record
TN:
SF:src\models\car_data_model.ts
FNF:0
FNH:0
DA:1,5
DA:3,5
DA:39,5
DA:40,5
LF:4
LH:4
BRF:0
BRH:0
end_of_record
TN:
SF:src\models\user_model.ts
FNF:0
FNH:0
DA:1,5
DA:3,5
DA:46,5
DA:47,5
LF:4
LH:4
BRF:0
BRH:0
end_of_record
TN:
SF:src\routes\admin_route.ts
FN:17,(anonymous_1)
FN:21,(anonymous_2)
FN:25,(anonymous_3)
FNF:3
FNH:0
FNDA:0,(anonymous_1)
FNDA:0,(anonymous_2)
FNDA:0,(anonymous_3)
DA:1,5
DA:2,5
DA:3,5
DA:4,5
DA:6,5
DA:9,5
DA:11,5
DA:13,5
DA:15,5
DA:17,5
DA:18,0
DA:21,5
DA:22,0
DA:25,5
DA:26,0
DA:32,5
LF:16
LH:13
BRF:0
BRH:0
end_of_record
TN:
SF:src\routes\book_a_charger_route.ts
FNF:0
FNH:0
DA:1,5
DA:2,5
DA:3,5
DA:5,5
DA:132,5
DA:181,5
DA:243,5
DA:308,5
DA:371,5
DA:453,5
DA:517,5
DA:522,5
LF:12
LH:12
BRF:0
BRH:0
end_of_record
TN:
SF:src\routes\car_data_route.ts
FN:114,(anonymous_8)
FN:114,(anonymous_9)
FN:187,(anonymous_10)
FN:187,(anonymous_11)
FNF:4
FNH:4
FNDA:1,(anonymous_8)
FNDA:1,(anonymous_9)
FNDA:1,(anonymous_10)
FNDA:1,(anonymous_11)
DA:1,5
DA:2,5
DA:5,5
DA:114,5
DA:115,1
DA:187,5
DA:188,1
DA:192,5
LF:8
LH:8
BRF:0
BRH:0
end_of_record
TN:
SF:src\routes\charger_route.ts
FN:146,(anonymous_1)
FN:202,(anonymous_2)
FN:266,(anonymous_3)
FN:307,(anonymous_4)
FN:315,(anonymous_5)
FN:350,(anonymous_6)
FN:385,(anonymous_7)
FN:458,(anonymous_8)
FNF:8
FNH:8
FNDA:3,(anonymous_1)
FNDA:2,(anonymous_2)
FNDA:2,(anonymous_3)
FNDA:1,(anonymous_4)
FNDA:3,(anonymous_5)
FNDA:3,(anonymous_6)
FNDA:1,(anonymous_7)
FNDA:2,(anonymous_8)
DA:1,5
DA:2,5
DA:3,5
DA:4,5
DA:6,5
DA:146,5
DA:147,3
DA:202,5
DA:203,2
DA:266,5
DA:267,2
DA:307,5
DA:308,1
DA:315,5
DA:316,3
DA:350,5
DA:351,3
DA:385,5
DA:386,1
DA:458,5
DA:459,2
DA:463,5
LF:22
LH:22
BRF:0
BRH:0
end_of_record
TN:
SF:src\routes\commentsOnCharger_route.ts
FN:167,(anonymous_1)
FN:242,(anonymous_2)
FN:350,(anonymous_3)
FN:432,(anonymous_4)
FN:493,(anonymous_5)
FN:593,(anonymous_6)
FNF:6
FNH:6
FNDA:1,(anonymous_1)
FNDA:1,(anonymous_2)
FNDA:1,(anonymous_3)
FNDA:1,(anonymous_4)
FNDA:1,(anonymous_5)
FNDA:2,(anonymous_6)
DA:1,5
DA:2,5
DA:3,5
DA:6,5
DA:167,5
DA:168,1
DA:242,5
DA:243,1
DA:350,5
DA:351,1
DA:432,5
DA:433,1
DA:493,5
DA:494,1
DA:593,5
DA:594,2
DA:599,5
LF:17
LH:17
BRF:0
BRH:0
end_of_record
TN:
SF:src\routes\gemini_route.ts
FN:99,(anonymous_8)
FN:99,(anonymous_9)
FNF:2
FNH:0
FNDA:0,(anonymous_8)
FNDA:0,(anonymous_9)
DA:1,5
DA:2,5
DA:5,5
DA:99,5
DA:100,0
DA:102,0
DA:103,0
DA:106,0
DA:107,0
DA:109,0
DA:111,0
DA:113,0
DA:114,0
DA:120,5
LF:14
LH:5
BRDA:102,0,0,0
BRDA:102,1,0,0
BRDA:102,1,1,0
BRDA:102,1,2,0
BRDA:102,1,3,0
BRF:5
BRH:0
end_of_record
TN:
SF:src\routes\user_route.ts
FN:71,(anonymous_1)
FNF:1
FNH:1
FNDA:7,(anonymous_1)
DA:1,5
DA:2,5
DA:3,5
DA:4,5
DA:5,5
DA:71,5
DA:72,7
DA:112,5
DA:141,5
DA:181,5
DA:185,5
DA:263,5
DA:381,5
DA:428,5
DA:482,5
DA:484,5
LF:16
LH:16
BRF:0
BRH:0
end_of_record
TN:
SF:src\services\geminiService.ts
FN:40,(anonymous_8)
FN:40,(anonymous_9)
FN:87,(anonymous_10)
FN:87,(anonymous_11)
FN:115,(anonymous_12)
FNF:5
FNH:0
FNDA:0,(anonymous_8)
FNDA:0,(anonymous_9)
FNDA:0,(anonymous_10)
FNDA:0,(anonymous_11)
FNDA:0,(anonymous_12)
DA:1,5
DA:2,5
DA:3,5
DA:4,5
DA:5,5
DA:7,5
DA:9,5
DA:10,5
DA:31,5
DA:32,0
DA:35,5
DA:40,5
DA:41,0
DA:42,0
DA:44,0
DA:45,0
DA:46,0
DA:49,0
DA:51,0
DA:52,0
DA:53,0
DA:54,0
DA:55,0
DA:56,0
DA:57,0
DA:58,0
DA:60,0
DA:61,0
DA:63,0
DA:74,0
DA:75,0
DA:77,0
DA:78,0
DA:81,0
DA:87,5
DA:88,0
DA:89,0
DA:93,0
DA:101,0
DA:102,0
DA:104,0
DA:110,0
DA:112,0
DA:113,0
DA:115,0
DA:116,0
DA:117,0
DA:118,0
DA:119,0
DA:122,0
DA:124,0
DA:126,0
DA:127,0
DA:129,0
DA:133,5
LF:55
LH:13
BRDA:31,0,0,0
BRDA:44,1,0,0
BRDA:51,2,0,0
BRDA:51,2,1,0
BRDA:51,3,0,0
BRDA:51,3,1,0
BRDA:51,4,0,0
BRDA:51,4,1,0
BRDA:51,5,0,0
BRDA:51,5,1,0
BRF:10
BRH:0
end_of_record
