{"C:\\Users\\guter\\OneDrive\\שולחן העבודה\\projects\\tom-hodaya\\assignment_2\\src\\server.ts": {"path":"C:\\Users\\guter\\OneDrive\\שולחן העבודה\\projects\\tom-hodaya\\assignment_2\\src\\server.ts","statementMap":{"0":{"start":{"line":4,"column":0},"end":{"line":4,"column":43}},"1":{"start":{"line":5,"column":0},"end":{"line":5,"column":28}},"2":{"start":{"line":6,"column":0},"end":{"line":6,"column":32}},"3":{"start":{"line":7,"column":0},"end":{"line":7,"column":37}},"4":{"start":{"line":8,"column":0},"end":{"line":8,"column":47}},"5":{"start":{"line":9,"column":0},"end":{"line":9,"column":52}},"6":{"start":{"line":10,"column":0},"end":{"line":10,"column":45}},"7":{"start":{"line":11,"column":0},"end":{"line":11,"column":41}},"8":{"start":{"line":12,"column":0},"end":{"line":12,"column":43}},"9":{"start":{"line":14,"column":12},"end":{"line":14,"column":21}},"10":{"start":{"line":15,"column":0},"end":{"line":15,"column":16}},"11":{"start":{"line":17,"column":16},"end":{"line":28,"column":2}},"12":{"start":{"line":29,"column":14},"end":{"line":29,"column":35}},"13":{"start":{"line":30,"column":0},"end":{"line":30,"column":62}},"14":{"start":{"line":33,"column":18},"end":{"line":55,"column":2}},"15":{"start":{"line":33,"column":47},"end":{"line":55,"column":2}},"16":{"start":{"line":34,"column":2},"end":{"line":36,"column":3}},"17":{"start":{"line":35,"column":4},"end":{"line":35,"column":44}},"18":{"start":{"line":38,"column":2},"end":{"line":44,"column":3}},"19":{"start":{"line":39,"column":4},"end":{"line":39,"column":51}},"20":{"start":{"line":40,"column":4},"end":{"line":40,"column":40}},"21":{"start":{"line":42,"column":4},"end":{"line":42,"column":57}},"22":{"start":{"line":43,"column":4},"end":{"line":43,"column":16}},"23":{"start":{"line":47,"column":2},"end":{"line":47,"column":29}},"24":{"start":{"line":48,"column":2},"end":{"line":48,"column":53}},"25":{"start":{"line":50,"column":2},"end":{"line":50,"column":33}},"26":{"start":{"line":51,"column":2},"end":{"line":51,"column":39}},"27":{"start":{"line":52,"column":2},"end":{"line":52,"column":31}},"28":{"start":{"line":54,"column":2},"end":{"line":54,"column":13}},"29":{"start":{"line":57,"column":0},"end":{"line":57,"column":25}}},"fnMap":{"0":{"name":"(anonymous_8)","decl":{"start":{"line":33,"column":18},"end":{"line":33,"column":45}},"loc":{"start":{"line":33,"column":47},"end":{"line":55,"column":2}}},"1":{"name":"(anonymous_9)","decl":{"start":{"line":33,"column":47},"end":{"line":33,"column":null}},"loc":{"start":{"line":33,"column":47},"end":{"line":55,"column":1}}}},"branchMap":{"0":{"loc":{"start":{"line":34,"column":2},"end":{"line":36,"column":3}},"type":"if","locations":[{"start":{"line":34,"column":2},"end":{"line":36,"column":3}}]}},"s":{"0":3,"1":3,"2":3,"3":3,"4":3,"5":3,"6":3,"7":3,"8":3,"9":3,"10":3,"11":3,"12":3,"13":3,"14":3,"15":3,"16":3,"17":0,"18":3,"19":3,"20":3,"21":0,"22":0,"23":3,"24":3,"25":3,"26":3,"27":3,"28":3,"29":3},"f":{"0":3,"1":3},"b":{"0":[0]}}
,"C:\\Users\\guter\\OneDrive\\שולחן העבודה\\projects\\tom-hodaya\\assignment_2\\src\\controllers\\comments_controller.ts": {"path":"C:\\Users\\guter\\OneDrive\\שולחן העבודה\\projects\\tom-hodaya\\assignment_2\\src\\controllers\\comments_controller.ts","statementMap":{"0":{"start":{"line":1,"column":0},"end":{"line":1,"column":52}},"1":{"start":{"line":2,"column":0},"end":{"line":2,"column":46}},"2":{"start":{"line":5,"column":23},"end":{"line":12,"column":2}},"3":{"start":{"line":5,"column":61},"end":{"line":12,"column":2}},"4":{"start":{"line":6,"column":2},"end":{"line":11,"column":3}},"5":{"start":{"line":7,"column":21},"end":{"line":7,"column":46}},"6":{"start":{"line":8,"column":4},"end":{"line":8,"column":35}},"7":{"start":{"line":10,"column":4},"end":{"line":10,"column":51}},"8":{"start":{"line":14,"column":22},"end":{"line":30,"column":2}},"9":{"start":{"line":14,"column":60},"end":{"line":30,"column":2}},"10":{"start":{"line":15,"column":19},"end":{"line":15,"column":22}},"11":{"start":{"line":16,"column":2},"end":{"line":29,"column":3}},"12":{"start":{"line":17,"column":4},"end":{"line":17,"column":48}},"13":{"start":{"line":18,"column":17},"end":{"line":18,"column":54}},"14":{"start":{"line":20,"column":4},"end":{"line":26,"column":5}},"15":{"start":{"line":21,"column":6},"end":{"line":21,"column":66}},"16":{"start":{"line":23,"column":25},"end":{"line":23,"column":56}},"17":{"start":{"line":24,"column":6},"end":{"line":24,"column":50}},"18":{"start":{"line":25,"column":6},"end":{"line":25,"column":39}},"19":{"start":{"line":28,"column":4},"end":{"line":28,"column":51}},"20":{"start":{"line":32,"column":23},"end":{"line":49,"column":2}},"21":{"start":{"line":32,"column":61},"end":{"line":49,"column":2}},"22":{"start":{"line":33,"column":17},"end":{"line":33,"column":33}},"23":{"start":{"line":34,"column":2},"end":{"line":48,"column":3}},"24":{"start":{"line":35,"column":4},"end":{"line":45,"column":5}},"25":{"start":{"line":36,"column":23},"end":{"line":36,"column":66}},"26":{"start":{"line":37,"column":6},"end":{"line":37,"column":25}},"27":{"start":{"line":39,"column":22},"end":{"line":39,"column":64}},"28":{"start":{"line":40,"column":6},"end":{"line":44,"column":7}},"29":{"start":{"line":41,"column":8},"end":{"line":41,"column":26}},"30":{"start":{"line":43,"column":8},"end":{"line":43,"column":50}},"31":{"start":{"line":47,"column":4},"end":{"line":47,"column":51}},"32":{"start":{"line":51,"column":22},"end":{"line":72,"column":2}},"33":{"start":{"line":51,"column":60},"end":{"line":72,"column":2}},"34":{"start":{"line":52,"column":20},"end":{"line":52,"column":33}},"35":{"start":{"line":53,"column":22},"end":{"line":53,"column":30}},"36":{"start":{"line":55,"column":2},"end":{"line":71,"column":3}},"37":{"start":{"line":56,"column":4},"end":{"line":56,"column":49}},"38":{"start":{"line":58,"column":4},"end":{"line":70,"column":5}},"39":{"start":{"line":59,"column":30},"end":{"line":62,"column":null}},"40":{"start":{"line":65,"column":6},"end":{"line":67,"column":7}},"41":{"start":{"line":66,"column":8},"end":{"line":66,"column":46}},"42":{"start":{"line":69,"column":6},"end":{"line":69,"column":53}},"43":{"start":{"line":74,"column":22},"end":{"line":83,"column":2}},"44":{"start":{"line":74,"column":60},"end":{"line":83,"column":2}},"45":{"start":{"line":75,"column":13},"end":{"line":75,"column":26}},"46":{"start":{"line":77,"column":4},"end":{"line":82,"column":5}},"47":{"start":{"line":78,"column":6},"end":{"line":78,"column":47}},"48":{"start":{"line":81,"column":6},"end":{"line":81,"column":64}},"49":{"start":{"line":86,"column":0},"end":{"line":92,"column":2}}},"fnMap":{"0":{"name":"(anonymous_8)","decl":{"start":{"line":5,"column":23},"end":{"line":5,"column":30}},"loc":{"start":{"line":5,"column":61},"end":{"line":12,"column":2}}},"1":{"name":"(anonymous_9)","decl":{"start":{"line":5,"column":61},"end":{"line":5,"column":null}},"loc":{"start":{"line":5,"column":61},"end":{"line":12,"column":1}}},"2":{"name":"(anonymous_10)","decl":{"start":{"line":14,"column":22},"end":{"line":14,"column":29}},"loc":{"start":{"line":14,"column":60},"end":{"line":30,"column":2}}},"3":{"name":"(anonymous_11)","decl":{"start":{"line":14,"column":60},"end":{"line":14,"column":null}},"loc":{"start":{"line":14,"column":60},"end":{"line":30,"column":1}}},"4":{"name":"(anonymous_12)","decl":{"start":{"line":32,"column":23},"end":{"line":32,"column":30}},"loc":{"start":{"line":32,"column":61},"end":{"line":49,"column":2}}},"5":{"name":"(anonymous_13)","decl":{"start":{"line":32,"column":61},"end":{"line":32,"column":null}},"loc":{"start":{"line":32,"column":61},"end":{"line":49,"column":1}}},"6":{"name":"(anonymous_14)","decl":{"start":{"line":51,"column":22},"end":{"line":51,"column":29}},"loc":{"start":{"line":51,"column":60},"end":{"line":72,"column":2}}},"7":{"name":"(anonymous_15)","decl":{"start":{"line":51,"column":60},"end":{"line":51,"column":null}},"loc":{"start":{"line":51,"column":60},"end":{"line":72,"column":1}}},"8":{"name":"(anonymous_16)","decl":{"start":{"line":74,"column":22},"end":{"line":74,"column":29}},"loc":{"start":{"line":74,"column":60},"end":{"line":83,"column":2}}},"9":{"name":"(anonymous_17)","decl":{"start":{"line":74,"column":60},"end":{"line":74,"column":null}},"loc":{"start":{"line":74,"column":60},"end":{"line":83,"column":1}}}},"branchMap":{"0":{"loc":{"start":{"line":20,"column":4},"end":{"line":26,"column":5}},"type":"if","locations":[{"start":{"line":20,"column":4},"end":{"line":26,"column":5}},{"start":{"line":22,"column":11},"end":{"line":26,"column":5}}]},"1":{"loc":{"start":{"line":35,"column":4},"end":{"line":45,"column":5}},"type":"if","locations":[{"start":{"line":35,"column":4},"end":{"line":45,"column":5}},{"start":{"line":38,"column":11},"end":{"line":45,"column":5}}]},"2":{"loc":{"start":{"line":40,"column":6},"end":{"line":44,"column":7}},"type":"if","locations":[{"start":{"line":40,"column":6},"end":{"line":44,"column":7}},{"start":{"line":42,"column":13},"end":{"line":44,"column":7}}]},"3":{"loc":{"start":{"line":55,"column":2},"end":{"line":71,"column":3}},"type":"if","locations":[{"start":{"line":55,"column":2},"end":{"line":71,"column":3}},{"start":{"line":57,"column":9},"end":{"line":71,"column":3}}]},"4":{"loc":{"start":{"line":65,"column":6},"end":{"line":67,"column":7}},"type":"if","locations":[{"start":{"line":65,"column":6},"end":{"line":67,"column":7}}]}},"s":{"0":3,"1":3,"2":3,"3":6,"4":6,"5":6,"6":4,"7":2,"8":3,"9":3,"10":3,"11":3,"12":3,"13":3,"14":2,"15":1,"16":1,"17":1,"18":1,"19":1,"20":3,"21":3,"22":3,"23":3,"24":3,"25":0,"26":0,"27":3,"28":2,"29":1,"30":1,"31":1,"32":3,"33":3,"34":3,"35":3,"36":3,"37":1,"38":2,"39":2,"40":1,"41":1,"42":1,"43":3,"44":1,"45":1,"46":1,"47":1,"48":1,"49":3},"f":{"0":6,"1":6,"2":3,"3":3,"4":3,"5":3,"6":3,"7":3,"8":1,"9":1},"b":{"0":[1,1],"1":[0,3],"2":[1,1],"3":[1,2],"4":[1]}}
,"C:\\Users\\guter\\OneDrive\\שולחן העבודה\\projects\\tom-hodaya\\assignment_2\\src\\controllers\\posts_controller.ts": {"path":"C:\\Users\\guter\\OneDrive\\שולחן העבודה\\projects\\tom-hodaya\\assignment_2\\src\\controllers\\posts_controller.ts","statementMap":{"0":{"start":{"line":1,"column":0},"end":{"line":1,"column":46}},"1":{"start":{"line":2,"column":0},"end":{"line":2,"column":46}},"2":{"start":{"line":5,"column":19},"end":{"line":15,"column":2}},"3":{"start":{"line":5,"column":57},"end":{"line":15,"column":2}},"4":{"start":{"line":6,"column":19},"end":{"line":6,"column":27}},"5":{"start":{"line":7,"column":2},"end":{"line":14,"column":3}},"6":{"start":{"line":8,"column":4},"end":{"line":8,"column":40}},"7":{"start":{"line":9,"column":17},"end":{"line":9,"column":49}},"8":{"start":{"line":10,"column":4},"end":{"line":10,"column":39}},"9":{"start":{"line":11,"column":4},"end":{"line":11,"column":31}},"10":{"start":{"line":13,"column":4},"end":{"line":13,"column":78}},"11":{"start":{"line":17,"column":17},"end":{"line":30,"column":2}},"12":{"start":{"line":17,"column":55},"end":{"line":30,"column":2}},"13":{"start":{"line":18,"column":17},"end":{"line":18,"column":33}},"14":{"start":{"line":19,"column":2},"end":{"line":29,"column":3}},"15":{"start":{"line":20,"column":4},"end":{"line":26,"column":5}},"16":{"start":{"line":21,"column":20},"end":{"line":21,"column":60}},"17":{"start":{"line":22,"column":6},"end":{"line":22,"column":22}},"18":{"start":{"line":24,"column":20},"end":{"line":24,"column":42}},"19":{"start":{"line":25,"column":6},"end":{"line":25,"column":22}},"20":{"start":{"line":28,"column":4},"end":{"line":28,"column":51}},"21":{"start":{"line":32,"column":20},"end":{"line":44,"column":2}},"22":{"start":{"line":32,"column":58},"end":{"line":44,"column":2}},"23":{"start":{"line":33,"column":13},"end":{"line":33,"column":26}},"24":{"start":{"line":34,"column":2},"end":{"line":43,"column":3}},"25":{"start":{"line":35,"column":17},"end":{"line":35,"column":45}},"26":{"start":{"line":36,"column":4},"end":{"line":40,"column":5}},"27":{"start":{"line":37,"column":6},"end":{"line":37,"column":21}},"28":{"start":{"line":39,"column":6},"end":{"line":39,"column":45}},"29":{"start":{"line":42,"column":4},"end":{"line":42,"column":51}},"30":{"start":{"line":46,"column":24},"end":{"line":54,"column":2}},"31":{"start":{"line":46,"column":62},"end":{"line":54,"column":2}},"32":{"start":{"line":48,"column":2},"end":{"line":53,"column":3}},"33":{"start":{"line":49,"column":4},"end":{"line":49,"column":55}},"34":{"start":{"line":52,"column":4},"end":{"line":52,"column":51}},"35":{"start":{"line":56,"column":19},"end":{"line":75,"column":2}},"36":{"start":{"line":56,"column":57},"end":{"line":75,"column":2}},"37":{"start":{"line":57,"column":13},"end":{"line":57,"column":26}},"38":{"start":{"line":58,"column":30},"end":{"line":58,"column":38}},"39":{"start":{"line":60,"column":2},"end":{"line":74,"column":3}},"40":{"start":{"line":61,"column":24},"end":{"line":64,"column":null}},"41":{"start":{"line":67,"column":4},"end":{"line":71,"column":5}},"42":{"start":{"line":68,"column":6},"end":{"line":68,"column":40}},"43":{"start":{"line":70,"column":6},"end":{"line":70,"column":45}},"44":{"start":{"line":73,"column":4},"end":{"line":73,"column":51}},"45":{"start":{"line":77,"column":19},"end":{"line":85,"column":2}},"46":{"start":{"line":77,"column":57},"end":{"line":85,"column":2}},"47":{"start":{"line":78,"column":13},"end":{"line":78,"column":26}},"48":{"start":{"line":79,"column":2},"end":{"line":84,"column":3}},"49":{"start":{"line":80,"column":4},"end":{"line":80,"column":42}},"50":{"start":{"line":81,"column":4},"end":{"line":81,"column":36}},"51":{"start":{"line":83,"column":4},"end":{"line":83,"column":37}},"52":{"start":{"line":87,"column":0},"end":{"line":94,"column":2}}},"fnMap":{"0":{"name":"(anonymous_8)","decl":{"start":{"line":5,"column":19},"end":{"line":5,"column":26}},"loc":{"start":{"line":5,"column":57},"end":{"line":15,"column":2}}},"1":{"name":"(anonymous_9)","decl":{"start":{"line":5,"column":57},"end":{"line":5,"column":null}},"loc":{"start":{"line":5,"column":57},"end":{"line":15,"column":1}}},"2":{"name":"(anonymous_10)","decl":{"start":{"line":17,"column":17},"end":{"line":17,"column":24}},"loc":{"start":{"line":17,"column":55},"end":{"line":30,"column":2}}},"3":{"name":"(anonymous_11)","decl":{"start":{"line":17,"column":55},"end":{"line":17,"column":null}},"loc":{"start":{"line":17,"column":55},"end":{"line":30,"column":1}}},"4":{"name":"(anonymous_12)","decl":{"start":{"line":32,"column":20},"end":{"line":32,"column":27}},"loc":{"start":{"line":32,"column":58},"end":{"line":44,"column":2}}},"5":{"name":"(anonymous_13)","decl":{"start":{"line":32,"column":58},"end":{"line":32,"column":null}},"loc":{"start":{"line":32,"column":58},"end":{"line":44,"column":1}}},"6":{"name":"(anonymous_14)","decl":{"start":{"line":46,"column":24},"end":{"line":46,"column":31}},"loc":{"start":{"line":46,"column":62},"end":{"line":54,"column":2}}},"7":{"name":"(anonymous_15)","decl":{"start":{"line":46,"column":62},"end":{"line":46,"column":null}},"loc":{"start":{"line":46,"column":62},"end":{"line":54,"column":1}}},"8":{"name":"(anonymous_16)","decl":{"start":{"line":56,"column":19},"end":{"line":56,"column":26}},"loc":{"start":{"line":56,"column":57},"end":{"line":75,"column":2}}},"9":{"name":"(anonymous_17)","decl":{"start":{"line":56,"column":57},"end":{"line":56,"column":null}},"loc":{"start":{"line":56,"column":57},"end":{"line":75,"column":1}}},"10":{"name":"(anonymous_18)","decl":{"start":{"line":77,"column":19},"end":{"line":77,"column":26}},"loc":{"start":{"line":77,"column":57},"end":{"line":85,"column":2}}},"11":{"name":"(anonymous_19)","decl":{"start":{"line":77,"column":57},"end":{"line":77,"column":null}},"loc":{"start":{"line":77,"column":57},"end":{"line":85,"column":1}}}},"branchMap":{"0":{"loc":{"start":{"line":20,"column":4},"end":{"line":26,"column":5}},"type":"if","locations":[{"start":{"line":20,"column":4},"end":{"line":26,"column":5}},{"start":{"line":23,"column":11},"end":{"line":26,"column":5}}]},"1":{"loc":{"start":{"line":36,"column":4},"end":{"line":40,"column":5}},"type":"if","locations":[{"start":{"line":36,"column":4},"end":{"line":40,"column":5}},{"start":{"line":38,"column":11},"end":{"line":40,"column":5}}]},"2":{"loc":{"start":{"line":67,"column":4},"end":{"line":71,"column":5}},"type":"if","locations":[{"start":{"line":67,"column":4},"end":{"line":71,"column":5}},{"start":{"line":69,"column":11},"end":{"line":71,"column":5}}]}},"s":{"0":3,"1":3,"2":3,"3":6,"4":6,"5":6,"6":6,"7":6,"8":4,"9":4,"10":2,"11":3,"12":5,"13":5,"14":5,"15":5,"16":2,"17":1,"18":3,"19":2,"20":2,"21":3,"22":4,"23":4,"24":4,"25":4,"26":3,"27":1,"28":2,"29":1,"30":3,"31":0,"32":0,"33":0,"34":0,"35":3,"36":2,"37":2,"38":2,"39":2,"40":2,"41":2,"42":1,"43":1,"44":0,"45":3,"46":2,"47":2,"48":2,"49":2,"50":1,"51":1,"52":3},"f":{"0":6,"1":6,"2":5,"3":5,"4":4,"5":4,"6":0,"7":0,"8":2,"9":2,"10":2,"11":2},"b":{"0":[2,3],"1":[1,2],"2":[1,1]}}
,"C:\\Users\\guter\\OneDrive\\שולחן העבודה\\projects\\tom-hodaya\\assignment_2\\src\\controllers\\user_controller_auth.ts": {"path":"C:\\Users\\guter\\OneDrive\\שולחן העבודה\\projects\\tom-hodaya\\assignment_2\\src\\controllers\\user_controller_auth.ts","statementMap":{"0":{"start":{"line":2,"column":0},"end":{"line":2,"column":45}},"1":{"start":{"line":3,"column":0},"end":{"line":3,"column":28}},"2":{"start":{"line":4,"column":0},"end":{"line":4,"column":31}},"3":{"start":{"line":6,"column":17},"end":{"line":30,"column":2}},"4":{"start":{"line":6,"column":55},"end":{"line":30,"column":2}},"5":{"start":{"line":7,"column":16},"end":{"line":7,"column":30}},"6":{"start":{"line":8,"column":19},"end":{"line":8,"column":36}},"7":{"start":{"line":9,"column":2},"end":{"line":12,"column":3}},"8":{"start":{"line":10,"column":4},"end":{"line":10,"column":54}},"9":{"start":{"line":11,"column":4},"end":{"line":11,"column":11}},"10":{"start":{"line":13,"column":2},"end":{"line":29,"column":3}},"11":{"start":{"line":14,"column":25},"end":{"line":14,"column":66}},"12":{"start":{"line":15,"column":4},"end":{"line":18,"column":5}},"13":{"start":{"line":16,"column":6},"end":{"line":16,"column":50}},"14":{"start":{"line":17,"column":6},"end":{"line":17,"column":13}},"15":{"start":{"line":20,"column":17},"end":{"line":20,"column":41}},"16":{"start":{"line":21,"column":27},"end":{"line":21,"column":60}},"17":{"start":{"line":22,"column":17},"end":{"line":25,"column":6}},"18":{"start":{"line":26,"column":4},"end":{"line":26,"column":31}},"19":{"start":{"line":28,"column":4},"end":{"line":28,"column":30}},"20":{"start":{"line":32,"column":23},"end":{"line":58,"column":1}},"21":{"start":{"line":35,"column":17},"end":{"line":35,"column":52}},"22":{"start":{"line":36,"column":2},"end":{"line":38,"column":3}},"23":{"start":{"line":37,"column":4},"end":{"line":37,"column":16}},"24":{"start":{"line":39,"column":22},"end":{"line":45,"column":null}},"25":{"start":{"line":48,"column":23},"end":{"line":54,"column":null}},"26":{"start":{"line":57,"column":2},"end":{"line":57,"column":39}},"27":{"start":{"line":60,"column":14},"end":{"line":101,"column":2}},"28":{"start":{"line":60,"column":52},"end":{"line":101,"column":2}},"29":{"start":{"line":61,"column":16},"end":{"line":61,"column":30}},"30":{"start":{"line":62,"column":19},"end":{"line":62,"column":36}},"31":{"start":{"line":63,"column":2},"end":{"line":66,"column":3}},"32":{"start":{"line":64,"column":4},"end":{"line":64,"column":52}},"33":{"start":{"line":65,"column":4},"end":{"line":65,"column":11}},"34":{"start":{"line":67,"column":2},"end":{"line":100,"column":3}},"35":{"start":{"line":68,"column":17},"end":{"line":68,"column":58}},"36":{"start":{"line":69,"column":4},"end":{"line":72,"column":5}},"37":{"start":{"line":70,"column":6},"end":{"line":70,"column":54}},"38":{"start":{"line":71,"column":6},"end":{"line":71,"column":13}},"39":{"start":{"line":73,"column":26},"end":{"line":73,"column":71}},"40":{"start":{"line":74,"column":4},"end":{"line":77,"column":5}},"41":{"start":{"line":75,"column":6},"end":{"line":75,"column":54}},"42":{"start":{"line":76,"column":6},"end":{"line":76,"column":13}},"43":{"start":{"line":80,"column":27},"end":{"line":80,"column":46}},"44":{"start":{"line":81,"column":19},"end":{"line":81,"column":41}},"45":{"start":{"line":82,"column":4},"end":{"line":85,"column":5}},"46":{"start":{"line":83,"column":6},"end":{"line":83,"column":57}},"47":{"start":{"line":84,"column":6},"end":{"line":84,"column":13}},"48":{"start":{"line":87,"column":4},"end":{"line":89,"column":5}},"49":{"start":{"line":88,"column":6},"end":{"line":88,"column":30}},"50":{"start":{"line":90,"column":4},"end":{"line":90,"column":49}},"51":{"start":{"line":91,"column":4},"end":{"line":91,"column":22}},"52":{"start":{"line":92,"column":4},"end":{"line":97,"column":7}},"53":{"start":{"line":99,"column":4},"end":{"line":99,"column":20}},"54":{"start":{"line":103,"column":15},"end":{"line":146,"column":2}},"55":{"start":{"line":103,"column":53},"end":{"line":146,"column":2}},"56":{"start":{"line":104,"column":23},"end":{"line":104,"column":44}},"57":{"start":{"line":105,"column":2},"end":{"line":108,"column":3}},"58":{"start":{"line":106,"column":4},"end":{"line":106,"column":50}},"59":{"start":{"line":107,"column":4},"end":{"line":107,"column":11}},"60":{"start":{"line":110,"column":2},"end":{"line":113,"column":3}},"61":{"start":{"line":111,"column":4},"end":{"line":111,"column":55}},"62":{"start":{"line":112,"column":4},"end":{"line":112,"column":11}},"63":{"start":{"line":114,"column":2},"end":{"line":145,"column":4}},"64":{"start":{"line":117,"column":34},"end":{"line":144,"column":null}},"65":{"start":{"line":118,"column":6},"end":{"line":121,"column":7}},"66":{"start":{"line":119,"column":8},"end":{"line":119,"column":46}},"67":{"start":{"line":120,"column":8},"end":{"line":120,"column":15}},"68":{"start":{"line":122,"column":22},"end":{"line":122,"column":42}},"69":{"start":{"line":123,"column":6},"end":{"line":143,"column":7}},"70":{"start":{"line":124,"column":21},"end":{"line":124,"column":66}},"71":{"start":{"line":125,"column":8},"end":{"line":128,"column":9}},"72":{"start":{"line":126,"column":10},"end":{"line":126,"column":48}},"73":{"start":{"line":127,"column":10},"end":{"line":127,"column":17}},"74":{"start":{"line":129,"column":8},"end":{"line":134,"column":9}},"75":{"start":{"line":130,"column":10},"end":{"line":130,"column":48}},"76":{"start":{"line":131,"column":10},"end":{"line":131,"column":34}},"77":{"start":{"line":132,"column":10},"end":{"line":132,"column":28}},"78":{"start":{"line":133,"column":10},"end":{"line":133,"column":17}},"79":{"start":{"line":135,"column":23},"end":{"line":136,"column":null}},"80":{"start":{"line":136,"column":21},"end":{"line":136,"column":43}},"81":{"start":{"line":138,"column":8},"end":{"line":138,"column":36}},"82":{"start":{"line":139,"column":8},"end":{"line":139,"column":26}},"83":{"start":{"line":140,"column":8},"end":{"line":140,"column":43}},"84":{"start":{"line":142,"column":8},"end":{"line":142,"column":46}},"85":{"start":{"line":148,"column":21},"end":{"line":209,"column":2}},"86":{"start":{"line":148,"column":59},"end":{"line":209,"column":2}},"87":{"start":{"line":150,"column":23},"end":{"line":150,"column":44}},"88":{"start":{"line":151,"column":2},"end":{"line":154,"column":3}},"89":{"start":{"line":152,"column":4},"end":{"line":152,"column":42}},"90":{"start":{"line":153,"column":4},"end":{"line":153,"column":11}},"91":{"start":{"line":155,"column":2},"end":{"line":158,"column":3}},"92":{"start":{"line":156,"column":4},"end":{"line":156,"column":55}},"93":{"start":{"line":157,"column":4},"end":{"line":157,"column":11}},"94":{"start":{"line":159,"column":2},"end":{"line":208,"column":4}},"95":{"start":{"line":162,"column":34},"end":{"line":207,"column":null}},"96":{"start":{"line":163,"column":6},"end":{"line":166,"column":7}},"97":{"start":{"line":164,"column":8},"end":{"line":164,"column":46}},"98":{"start":{"line":165,"column":8},"end":{"line":165,"column":15}},"99":{"start":{"line":168,"column":22},"end":{"line":168,"column":42}},"100":{"start":{"line":169,"column":6},"end":{"line":206,"column":7}},"101":{"start":{"line":170,"column":21},"end":{"line":170,"column":66}},"102":{"start":{"line":171,"column":8},"end":{"line":174,"column":9}},"103":{"start":{"line":172,"column":10},"end":{"line":172,"column":55}},"104":{"start":{"line":173,"column":10},"end":{"line":173,"column":17}},"105":{"start":{"line":176,"column":8},"end":{"line":181,"column":9}},"106":{"start":{"line":177,"column":10},"end":{"line":177,"column":34}},"107":{"start":{"line":178,"column":10},"end":{"line":178,"column":28}},"108":{"start":{"line":179,"column":10},"end":{"line":179,"column":55}},"109":{"start":{"line":180,"column":10},"end":{"line":180,"column":17}},"110":{"start":{"line":183,"column":26},"end":{"line":183,"column":61}},"111":{"start":{"line":184,"column":8},"end":{"line":189,"column":9}},"112":{"start":{"line":185,"column":10},"end":{"line":185,"column":34}},"113":{"start":{"line":186,"column":10},"end":{"line":186,"column":28}},"114":{"start":{"line":187,"column":10},"end":{"line":187,"column":61}},"115":{"start":{"line":188,"column":10},"end":{"line":188,"column":17}},"116":{"start":{"line":192,"column":8},"end":{"line":194,"column":10}},"117":{"start":{"line":193,"column":21},"end":{"line":193,"column":43}},"118":{"start":{"line":196,"column":8},"end":{"line":196,"column":56}},"119":{"start":{"line":197,"column":8},"end":{"line":197,"column":26}},"120":{"start":{"line":200,"column":8},"end":{"line":203,"column":11}},"121":{"start":{"line":205,"column":8},"end":{"line":205,"column":53}},"122":{"start":{"line":214,"column":30},"end":{"line":238,"column":1}},"123":{"start":{"line":219,"column":21},"end":{"line":219,"column":49}},"124":{"start":{"line":220,"column":16},"end":{"line":220,"column":54}},"125":{"start":{"line":221,"column":2},"end":{"line":224,"column":3}},"126":{"start":{"line":222,"column":4},"end":{"line":222,"column":42}},"127":{"start":{"line":223,"column":4},"end":{"line":223,"column":11}},"128":{"start":{"line":225,"column":2},"end":{"line":228,"column":3}},"129":{"start":{"line":226,"column":4},"end":{"line":226,"column":56}},"130":{"start":{"line":227,"column":4},"end":{"line":227,"column":11}},"131":{"start":{"line":229,"column":2},"end":{"line":237,"column":5}},"132":{"start":{"line":230,"column":4},"end":{"line":233,"column":5}},"133":{"start":{"line":231,"column":6},"end":{"line":231,"column":51}},"134":{"start":{"line":232,"column":6},"end":{"line":232,"column":13}},"135":{"start":{"line":234,"column":20},"end":{"line":234,"column":40}},"136":{"start":{"line":235,"column":4},"end":{"line":235,"column":35}},"137":{"start":{"line":236,"column":4},"end":{"line":236,"column":11}},"138":{"start":{"line":214,"column":13},"end":{"line":214,"column":30}},"139":{"start":{"line":240,"column":0},"end":{"line":240,"column":57}}},"fnMap":{"0":{"name":"(anonymous_8)","decl":{"start":{"line":6,"column":17},"end":{"line":6,"column":24}},"loc":{"start":{"line":6,"column":55},"end":{"line":30,"column":2}}},"1":{"name":"(anonymous_9)","decl":{"start":{"line":6,"column":55},"end":{"line":6,"column":null}},"loc":{"start":{"line":6,"column":55},"end":{"line":30,"column":1}}},"2":{"name":"(anonymous_10)","decl":{"start":{"line":32,"column":23},"end":{"line":32,"column":null}},"loc":{"start":{"line":34,"column":58},"end":{"line":58,"column":1}}},"3":{"name":"(anonymous_11)","decl":{"start":{"line":60,"column":14},"end":{"line":60,"column":21}},"loc":{"start":{"line":60,"column":52},"end":{"line":101,"column":2}}},"4":{"name":"(anonymous_12)","decl":{"start":{"line":60,"column":52},"end":{"line":60,"column":null}},"loc":{"start":{"line":60,"column":52},"end":{"line":101,"column":1}}},"5":{"name":"(anonymous_13)","decl":{"start":{"line":103,"column":15},"end":{"line":103,"column":22}},"loc":{"start":{"line":103,"column":53},"end":{"line":146,"column":2}}},"6":{"name":"(anonymous_14)","decl":{"start":{"line":103,"column":53},"end":{"line":103,"column":null}},"loc":{"start":{"line":103,"column":53},"end":{"line":146,"column":1}}},"7":{"name":"(anonymous_15)","decl":{"start":{"line":117,"column":4},"end":{"line":117,"column":11}},"loc":{"start":{"line":117,"column":34},"end":{"line":144,"column":null}}},"8":{"name":"(anonymous_16)","decl":{"start":{"line":117,"column":34},"end":{"line":117,"column":null}},"loc":{"start":{"line":117,"column":34},"end":{"line":144,"column":5}}},"9":{"name":"(anonymous_17)","decl":{"start":{"line":136,"column":10},"end":{"line":136,"column":11}},"loc":{"start":{"line":136,"column":21},"end":{"line":136,"column":43}}},"10":{"name":"(anonymous_18)","decl":{"start":{"line":148,"column":21},"end":{"line":148,"column":28}},"loc":{"start":{"line":148,"column":59},"end":{"line":209,"column":2}}},"11":{"name":"(anonymous_19)","decl":{"start":{"line":148,"column":59},"end":{"line":148,"column":null}},"loc":{"start":{"line":148,"column":59},"end":{"line":209,"column":1}}},"12":{"name":"(anonymous_20)","decl":{"start":{"line":162,"column":4},"end":{"line":162,"column":11}},"loc":{"start":{"line":162,"column":34},"end":{"line":207,"column":null}}},"13":{"name":"(anonymous_21)","decl":{"start":{"line":162,"column":34},"end":{"line":162,"column":null}},"loc":{"start":{"line":162,"column":34},"end":{"line":207,"column":5}}},"14":{"name":"(anonymous_22)","decl":{"start":{"line":193,"column":10},"end":{"line":193,"column":11}},"loc":{"start":{"line":193,"column":21},"end":{"line":193,"column":43}}},"15":{"name":"(anonymous_23)","decl":{"start":{"line":214,"column":30},"end":{"line":214,"column":null}},"loc":{"start":{"line":218,"column":4},"end":{"line":238,"column":1}}},"16":{"name":"(anonymous_24)","decl":{"start":{"line":229,"column":46},"end":{"line":229,"column":47}},"loc":{"start":{"line":229,"column":60},"end":{"line":237,"column":3}}}},"branchMap":{"0":{"loc":{"start":{"line":9,"column":2},"end":{"line":12,"column":3}},"type":"if","locations":[{"start":{"line":9,"column":2},"end":{"line":12,"column":3}}]},"1":{"loc":{"start":{"line":9,"column":6},"end":{"line":9,"column":25}},"type":"binary-expr","locations":[{"start":{"line":9,"column":6},"end":{"line":9,"column":12}},{"start":{"line":9,"column":16},"end":{"line":9,"column":25}}]},"2":{"loc":{"start":{"line":15,"column":4},"end":{"line":18,"column":5}},"type":"if","locations":[{"start":{"line":15,"column":4},"end":{"line":18,"column":5}}]},"3":{"loc":{"start":{"line":36,"column":2},"end":{"line":38,"column":3}},"type":"if","locations":[{"start":{"line":36,"column":2},"end":{"line":38,"column":3}}]},"4":{"loc":{"start":{"line":63,"column":2},"end":{"line":66,"column":3}},"type":"if","locations":[{"start":{"line":63,"column":2},"end":{"line":66,"column":3}}]},"5":{"loc":{"start":{"line":63,"column":6},"end":{"line":63,"column":25}},"type":"binary-expr","locations":[{"start":{"line":63,"column":6},"end":{"line":63,"column":12}},{"start":{"line":63,"column":16},"end":{"line":63,"column":25}}]},"6":{"loc":{"start":{"line":69,"column":4},"end":{"line":72,"column":5}},"type":"if","locations":[{"start":{"line":69,"column":4},"end":{"line":72,"column":5}}]},"7":{"loc":{"start":{"line":74,"column":4},"end":{"line":77,"column":5}},"type":"if","locations":[{"start":{"line":74,"column":4},"end":{"line":77,"column":5}}]},"8":{"loc":{"start":{"line":82,"column":4},"end":{"line":85,"column":5}},"type":"if","locations":[{"start":{"line":82,"column":4},"end":{"line":85,"column":5}}]},"9":{"loc":{"start":{"line":87,"column":4},"end":{"line":89,"column":5}},"type":"if","locations":[{"start":{"line":87,"column":4},"end":{"line":89,"column":5}}]},"10":{"loc":{"start":{"line":105,"column":2},"end":{"line":108,"column":3}},"type":"if","locations":[{"start":{"line":105,"column":2},"end":{"line":108,"column":3}}]},"11":{"loc":{"start":{"line":110,"column":2},"end":{"line":113,"column":3}},"type":"if","locations":[{"start":{"line":110,"column":2},"end":{"line":113,"column":3}}]},"12":{"loc":{"start":{"line":118,"column":6},"end":{"line":121,"column":7}},"type":"if","locations":[{"start":{"line":118,"column":6},"end":{"line":121,"column":7}}]},"13":{"loc":{"start":{"line":125,"column":8},"end":{"line":128,"column":9}},"type":"if","locations":[{"start":{"line":125,"column":8},"end":{"line":128,"column":9}}]},"14":{"loc":{"start":{"line":129,"column":8},"end":{"line":134,"column":9}},"type":"if","locations":[{"start":{"line":129,"column":8},"end":{"line":134,"column":9}}]},"15":{"loc":{"start":{"line":129,"column":12},"end":{"line":129,"column":77}},"type":"binary-expr","locations":[{"start":{"line":129,"column":12},"end":{"line":129,"column":31}},{"start":{"line":129,"column":35},"end":{"line":129,"column":77}}]},"16":{"loc":{"start":{"line":151,"column":2},"end":{"line":154,"column":3}},"type":"if","locations":[{"start":{"line":151,"column":2},"end":{"line":154,"column":3}}]},"17":{"loc":{"start":{"line":155,"column":2},"end":{"line":158,"column":3}},"type":"if","locations":[{"start":{"line":155,"column":2},"end":{"line":158,"column":3}}]},"18":{"loc":{"start":{"line":163,"column":6},"end":{"line":166,"column":7}},"type":"if","locations":[{"start":{"line":163,"column":6},"end":{"line":166,"column":7}}]},"19":{"loc":{"start":{"line":171,"column":8},"end":{"line":174,"column":9}},"type":"if","locations":[{"start":{"line":171,"column":8},"end":{"line":174,"column":9}}]},"20":{"loc":{"start":{"line":176,"column":8},"end":{"line":181,"column":9}},"type":"if","locations":[{"start":{"line":176,"column":8},"end":{"line":181,"column":9}}]},"21":{"loc":{"start":{"line":176,"column":12},"end":{"line":176,"column":77}},"type":"binary-expr","locations":[{"start":{"line":176,"column":12},"end":{"line":176,"column":31}},{"start":{"line":176,"column":35},"end":{"line":176,"column":77}}]},"22":{"loc":{"start":{"line":184,"column":8},"end":{"line":189,"column":9}},"type":"if","locations":[{"start":{"line":184,"column":8},"end":{"line":189,"column":9}}]},"23":{"loc":{"start":{"line":220,"column":16},"end":{"line":220,"column":54}},"type":"binary-expr","locations":[{"start":{"line":220,"column":16},"end":{"line":220,"column":26}},{"start":{"line":220,"column":30},"end":{"line":220,"column":54}}]},"24":{"loc":{"start":{"line":221,"column":2},"end":{"line":224,"column":3}},"type":"if","locations":[{"start":{"line":221,"column":2},"end":{"line":224,"column":3}}]},"25":{"loc":{"start":{"line":225,"column":2},"end":{"line":228,"column":3}},"type":"if","locations":[{"start":{"line":225,"column":2},"end":{"line":228,"column":3}}]},"26":{"loc":{"start":{"line":230,"column":4},"end":{"line":233,"column":5}},"type":"if","locations":[{"start":{"line":230,"column":4},"end":{"line":233,"column":5}}]}},"s":{"0":3,"1":3,"2":3,"3":3,"4":5,"5":5,"6":5,"7":5,"8":0,"9":0,"10":5,"11":5,"12":5,"13":3,"14":3,"15":2,"16":2,"17":2,"18":2,"19":0,"20":3,"21":9,"22":9,"23":0,"24":9,"25":9,"26":9,"27":3,"28":6,"29":6,"30":6,"31":6,"32":0,"33":0,"34":6,"35":6,"36":6,"37":0,"38":0,"39":6,"40":6,"41":0,"42":0,"43":6,"44":6,"45":6,"46":0,"47":0,"48":6,"49":0,"50":6,"51":6,"52":6,"53":0,"54":3,"55":1,"56":1,"57":1,"58":0,"59":0,"60":1,"61":0,"62":0,"63":1,"64":1,"65":1,"66":0,"67":0,"68":1,"69":1,"70":1,"71":1,"72":0,"73":0,"74":1,"75":0,"76":0,"77":0,"78":0,"79":1,"80":2,"81":1,"82":1,"83":1,"84":0,"85":3,"86":6,"87":6,"88":6,"89":0,"90":0,"91":6,"92":0,"93":0,"94":6,"95":6,"96":6,"97":0,"98":0,"99":6,"100":6,"101":6,"102":6,"103":0,"104":0,"105":6,"106":3,"107":3,"108":3,"109":3,"110":3,"111":3,"112":0,"113":0,"114":0,"115":0,"116":3,"117":4,"118":3,"119":3,"120":3,"121":0,"122":3,"123":19,"124":19,"125":19,"126":1,"127":1,"128":18,"129":0,"130":0,"131":18,"132":18,"133":1,"134":1,"135":17,"136":17,"137":17,"138":3,"139":3},"f":{"0":5,"1":5,"2":9,"3":6,"4":6,"5":1,"6":1,"7":1,"8":1,"9":2,"10":6,"11":6,"12":6,"13":6,"14":4,"15":19,"16":18},"b":{"0":[0],"1":[5,5],"2":[3],"3":[0],"4":[0],"5":[6,6],"6":[0],"7":[0],"8":[0],"9":[0],"10":[0],"11":[0],"12":[0],"13":[0],"14":[0],"15":[1,1],"16":[0],"17":[0],"18":[0],"19":[0],"20":[3],"21":[6,6],"22":[0],"23":[19,18],"24":[1],"25":[0],"26":[1]}}
,"C:\\Users\\guter\\OneDrive\\שולחן העבודה\\projects\\tom-hodaya\\assignment_2\\src\\models\\comments_model.ts": {"path":"C:\\Users\\guter\\OneDrive\\שולחן העבודה\\projects\\tom-hodaya\\assignment_2\\src\\models\\comments_model.ts","statementMap":{"0":{"start":{"line":1,"column":0},"end":{"line":1,"column":32}},"1":{"start":{"line":3,"column":22},"end":{"line":16,"column":2}},"2":{"start":{"line":18,"column":21},"end":{"line":18,"column":61}},"3":{"start":{"line":20,"column":0},"end":{"line":20,"column":28}}},"fnMap":{},"branchMap":{},"s":{"0":3,"1":3,"2":3,"3":3},"f":{},"b":{}}
,"C:\\Users\\guter\\OneDrive\\שולחן העבודה\\projects\\tom-hodaya\\assignment_2\\src\\models\\posts_model.ts": {"path":"C:\\Users\\guter\\OneDrive\\שולחן העבודה\\projects\\tom-hodaya\\assignment_2\\src\\models\\posts_model.ts","statementMap":{"0":{"start":{"line":1,"column":0},"end":{"line":1,"column":32}},"1":{"start":{"line":3,"column":19},"end":{"line":16,"column":2}},"2":{"start":{"line":18,"column":18},"end":{"line":18,"column":53}},"3":{"start":{"line":20,"column":0},"end":{"line":20,"column":25}}},"fnMap":{},"branchMap":{},"s":{"0":3,"1":3,"2":3,"3":3},"f":{},"b":{}}
,"C:\\Users\\guter\\OneDrive\\שולחן העבודה\\projects\\tom-hodaya\\assignment_2\\src\\models\\user_model.ts": {"path":"C:\\Users\\guter\\OneDrive\\שולחן העבודה\\projects\\tom-hodaya\\assignment_2\\src\\models\\user_model.ts","statementMap":{"0":{"start":{"line":1,"column":0},"end":{"line":1,"column":32}},"1":{"start":{"line":3,"column":19},"end":{"line":16,"column":2}},"2":{"start":{"line":18,"column":18},"end":{"line":18,"column":53}},"3":{"start":{"line":19,"column":0},"end":{"line":19,"column":25}}},"fnMap":{},"branchMap":{},"s":{"0":3,"1":3,"2":3,"3":3},"f":{},"b":{}}
,"C:\\Users\\guter\\OneDrive\\שולחן העבודה\\projects\\tom-hodaya\\assignment_2\\src\\routes\\comment_route.ts": {"path":"C:\\Users\\guter\\OneDrive\\שולחן העבודה\\projects\\tom-hodaya\\assignment_2\\src\\routes\\comment_route.ts","statementMap":{"0":{"start":{"line":1,"column":0},"end":{"line":1,"column":30}},"1":{"start":{"line":2,"column":15},"end":{"line":2,"column":31}},"2":{"start":{"line":3,"column":0},"end":{"line":3,"column":69}},"3":{"start":{"line":4,"column":0},"end":{"line":4,"column":69}},"4":{"start":{"line":66,"column":0},"end":{"line":68,"column":3}},"5":{"start":{"line":67,"column":2},"end":{"line":67,"column":47}},"6":{"start":{"line":97,"column":0},"end":{"line":99,"column":3}},"7":{"start":{"line":98,"column":2},"end":{"line":98,"column":47}},"8":{"start":{"line":142,"column":0},"end":{"line":144,"column":3}},"9":{"start":{"line":143,"column":2},"end":{"line":143,"column":46}},"10":{"start":{"line":190,"column":0},"end":{"line":192,"column":3}},"11":{"start":{"line":191,"column":2},"end":{"line":191,"column":46}},"12":{"start":{"line":219,"column":0},"end":{"line":221,"column":3}},"13":{"start":{"line":220,"column":2},"end":{"line":220,"column":46}},"14":{"start":{"line":223,"column":0},"end":{"line":223,"column":22}}},"fnMap":{"0":{"name":"(anonymous_1)","decl":{"start":{"line":66,"column":16},"end":{"line":66,"column":17}},"loc":{"start":{"line":66,"column":29},"end":{"line":68,"column":1}}},"1":{"name":"(anonymous_2)","decl":{"start":{"line":97,"column":19},"end":{"line":97,"column":20}},"loc":{"start":{"line":97,"column":32},"end":{"line":99,"column":1}}},"2":{"name":"(anonymous_3)","decl":{"start":{"line":142,"column":33},"end":{"line":142,"column":34}},"loc":{"start":{"line":142,"column":46},"end":{"line":144,"column":1}}},"3":{"name":"(anonymous_4)","decl":{"start":{"line":190,"column":35},"end":{"line":190,"column":36}},"loc":{"start":{"line":190,"column":48},"end":{"line":192,"column":1}}},"4":{"name":"(anonymous_5)","decl":{"start":{"line":219,"column":38},"end":{"line":219,"column":39}},"loc":{"start":{"line":219,"column":51},"end":{"line":221,"column":1}}}},"branchMap":{},"s":{"0":3,"1":3,"2":3,"3":3,"4":3,"5":6,"6":3,"7":3,"8":3,"9":3,"10":3,"11":3,"12":3,"13":1,"14":3},"f":{"0":6,"1":3,"2":3,"3":3,"4":1},"b":{}}
,"C:\\Users\\guter\\OneDrive\\שולחן העבודה\\projects\\tom-hodaya\\assignment_2\\src\\routes\\posts_route.ts": {"path":"C:\\Users\\guter\\OneDrive\\שולחן העבודה\\projects\\tom-hodaya\\assignment_2\\src\\routes\\posts_route.ts","statementMap":{"0":{"start":{"line":1,"column":0},"end":{"line":1,"column":30}},"1":{"start":{"line":2,"column":15},"end":{"line":2,"column":31}},"2":{"start":{"line":3,"column":0},"end":{"line":3,"column":62}},"3":{"start":{"line":4,"column":0},"end":{"line":4,"column":69}},"4":{"start":{"line":84,"column":0},"end":{"line":86,"column":3}},"5":{"start":{"line":85,"column":2},"end":{"line":85,"column":39}},"6":{"start":{"line":111,"column":0},"end":{"line":113,"column":3}},"7":{"start":{"line":112,"column":2},"end":{"line":112,"column":37}},"8":{"start":{"line":143,"column":0},"end":{"line":145,"column":3}},"9":{"start":{"line":144,"column":2},"end":{"line":144,"column":40}},"10":{"start":{"line":189,"column":0},"end":{"line":191,"column":3}},"11":{"start":{"line":190,"column":2},"end":{"line":190,"column":39}},"12":{"start":{"line":219,"column":0},"end":{"line":221,"column":3}},"13":{"start":{"line":220,"column":2},"end":{"line":220,"column":39}},"14":{"start":{"line":223,"column":0},"end":{"line":223,"column":22}}},"fnMap":{"0":{"name":"(anonymous_1)","decl":{"start":{"line":84,"column":33},"end":{"line":84,"column":34}},"loc":{"start":{"line":84,"column":46},"end":{"line":86,"column":1}}},"1":{"name":"(anonymous_2)","decl":{"start":{"line":111,"column":16},"end":{"line":111,"column":17}},"loc":{"start":{"line":111,"column":29},"end":{"line":113,"column":1}}},"2":{"name":"(anonymous_3)","decl":{"start":{"line":143,"column":19},"end":{"line":143,"column":20}},"loc":{"start":{"line":143,"column":32},"end":{"line":145,"column":1}}},"3":{"name":"(anonymous_4)","decl":{"start":{"line":189,"column":35},"end":{"line":189,"column":36}},"loc":{"start":{"line":189,"column":48},"end":{"line":191,"column":1}}},"4":{"name":"(anonymous_5)","decl":{"start":{"line":219,"column":38},"end":{"line":219,"column":39}},"loc":{"start":{"line":219,"column":51},"end":{"line":221,"column":1}}}},"branchMap":{},"s":{"0":3,"1":3,"2":3,"3":3,"4":3,"5":6,"6":3,"7":5,"8":3,"9":4,"10":3,"11":2,"12":3,"13":2,"14":3},"f":{"0":6,"1":5,"2":4,"3":2,"4":2},"b":{}}
,"C:\\Users\\guter\\OneDrive\\שולחן העבודה\\projects\\tom-hodaya\\assignment_2\\src\\routes\\user_route.ts": {"path":"C:\\Users\\guter\\OneDrive\\שולחן העבודה\\projects\\tom-hodaya\\assignment_2\\src\\routes\\user_route.ts","statementMap":{"0":{"start":{"line":1,"column":0},"end":{"line":1,"column":30}},"1":{"start":{"line":2,"column":15},"end":{"line":2,"column":31}},"2":{"start":{"line":3,"column":0},"end":{"line":3,"column":69}},"3":{"start":{"line":64,"column":0},"end":{"line":66,"column":3}},"4":{"start":{"line":65,"column":2},"end":{"line":65,"column":40}},"5":{"start":{"line":105,"column":0},"end":{"line":105,"column":48}},"6":{"start":{"line":134,"column":0},"end":{"line":134,"column":50}},"7":{"start":{"line":174,"column":0},"end":{"line":174,"column":57}},"8":{"start":{"line":176,"column":0},"end":{"line":176,"column":22}}},"fnMap":{"0":{"name":"(anonymous_1)","decl":{"start":{"line":64,"column":25},"end":{"line":64,"column":26}},"loc":{"start":{"line":64,"column":38},"end":{"line":66,"column":1}}}},"branchMap":{},"s":{"0":3,"1":3,"2":3,"3":3,"4":5,"5":3,"6":3,"7":3,"8":3},"f":{"0":5},"b":{}}
}
