TN:
SF:src\server.ts
FN:33,(anonymous_8)
FN:33,(anonymous_9)
FNF:2
FNH:2
FNDA:3,(anonymous_8)
FNDA:3,(anonymous_9)
DA:4,3
DA:5,3
DA:6,3
DA:7,3
DA:8,3
DA:9,3
DA:10,3
DA:11,3
DA:12,3
DA:14,3
DA:15,3
DA:17,3
DA:29,3
DA:30,3
DA:33,3
DA:34,3
DA:35,0
DA:38,3
DA:39,3
DA:40,3
DA:42,0
DA:43,0
DA:47,3
DA:48,3
DA:50,3
DA:51,3
DA:52,3
DA:54,3
DA:57,3
LF:29
LH:26
BRDA:34,0,0,0
BRF:1
BRH:0
end_of_record
TN:
SF:src\controllers\comments_controller.ts
FN:5,(anonymous_8)
FN:5,(anonymous_9)
FN:14,(anonymous_10)
FN:14,(anonymous_11)
FN:32,(anonymous_12)
FN:32,(anonymous_13)
FN:51,(anonymous_14)
FN:51,(anonymous_15)
FN:74,(anonymous_16)
FN:74,(anonymous_17)
FNF:10
FNH:10
FNDA:6,(anonymous_8)
FNDA:6,(anonymous_9)
FNDA:3,(anonymous_10)
FNDA:3,(anonymous_11)
FNDA:3,(anonymous_12)
FNDA:3,(anonymous_13)
FNDA:3,(anonymous_14)
FNDA:3,(anonymous_15)
FNDA:1,(anonymous_16)
FNDA:1,(anonymous_17)
DA:1,3
DA:2,3
DA:5,6
DA:6,6
DA:7,6
DA:8,4
DA:10,2
DA:14,3
DA:15,3
DA:16,3
DA:17,3
DA:18,3
DA:20,2
DA:21,1
DA:23,1
DA:24,1
DA:25,1
DA:28,1
DA:32,3
DA:33,3
DA:34,3
DA:35,3
DA:36,0
DA:37,0
DA:39,3
DA:40,2
DA:41,1
DA:43,1
DA:47,1
DA:51,3
DA:52,3
DA:53,3
DA:55,3
DA:56,1
DA:58,2
DA:59,2
DA:65,1
DA:66,1
DA:69,1
DA:74,3
DA:75,1
DA:77,1
DA:78,1
DA:81,1
DA:86,3
LF:45
LH:43
BRDA:20,0,0,1
BRDA:20,0,1,1
BRDA:35,1,0,0
BRDA:35,1,1,3
BRDA:40,2,0,1
BRDA:40,2,1,1
BRDA:55,3,0,1
BRDA:55,3,1,2
BRDA:65,4,0,1
BRF:9
BRH:8
end_of_record
TN:
SF:src\controllers\posts_controller.ts
FN:5,(anonymous_8)
FN:5,(anonymous_9)
FN:17,(anonymous_10)
FN:17,(anonymous_11)
FN:32,(anonymous_12)
FN:32,(anonymous_13)
FN:46,(anonymous_14)
FN:46,(anonymous_15)
FN:56,(anonymous_16)
FN:56,(anonymous_17)
FN:77,(anonymous_18)
FN:77,(anonymous_19)
FNF:12
FNH:10
FNDA:6,(anonymous_8)
FNDA:6,(anonymous_9)
FNDA:5,(anonymous_10)
FNDA:5,(anonymous_11)
FNDA:4,(anonymous_12)
FNDA:4,(anonymous_13)
FNDA:0,(anonymous_14)
FNDA:0,(anonymous_15)
FNDA:2,(anonymous_16)
FNDA:2,(anonymous_17)
FNDA:2,(anonymous_18)
FNDA:2,(anonymous_19)
DA:1,3
DA:2,3
DA:5,6
DA:6,6
DA:7,6
DA:8,6
DA:9,6
DA:10,4
DA:11,4
DA:13,2
DA:17,5
DA:18,5
DA:19,5
DA:20,5
DA:21,2
DA:22,1
DA:24,3
DA:25,2
DA:28,2
DA:32,4
DA:33,4
DA:34,4
DA:35,4
DA:36,3
DA:37,1
DA:39,2
DA:42,1
DA:46,3
DA:48,0
DA:49,0
DA:52,0
DA:56,3
DA:57,2
DA:58,2
DA:60,2
DA:61,2
DA:67,2
DA:68,1
DA:70,1
DA:73,0
DA:77,3
DA:78,2
DA:79,2
DA:80,2
DA:81,1
DA:83,1
DA:87,3
LF:47
LH:43
BRDA:20,0,0,2
BRDA:20,0,1,3
BRDA:36,1,0,1
BRDA:36,1,1,2
BRDA:67,2,0,1
BRDA:67,2,1,1
BRF:6
BRH:6
end_of_record
TN:
SF:src\controllers\user_controller_auth.ts
FN:6,(anonymous_8)
FN:6,(anonymous_9)
FN:32,(anonymous_10)
FN:60,(anonymous_11)
FN:60,(anonymous_12)
FN:103,(anonymous_13)
FN:103,(anonymous_14)
FN:117,(anonymous_15)
FN:117,(anonymous_16)
FN:136,(anonymous_17)
FN:148,(anonymous_18)
FN:148,(anonymous_19)
FN:162,(anonymous_20)
FN:162,(anonymous_21)
FN:193,(anonymous_22)
FN:214,(anonymous_23)
FN:229,(anonymous_24)
FNF:17
FNH:17
FNDA:5,(anonymous_8)
FNDA:5,(anonymous_9)
FNDA:9,(anonymous_10)
FNDA:6,(anonymous_11)
FNDA:6,(anonymous_12)
FNDA:1,(anonymous_13)
FNDA:1,(anonymous_14)
FNDA:1,(anonymous_15)
FNDA:1,(anonymous_16)
FNDA:2,(anonymous_17)
FNDA:6,(anonymous_18)
FNDA:6,(anonymous_19)
FNDA:6,(anonymous_20)
FNDA:6,(anonymous_21)
FNDA:4,(anonymous_22)
FNDA:19,(anonymous_23)
FNDA:18,(anonymous_24)
DA:2,3
DA:3,3
DA:4,3
DA:6,5
DA:7,5
DA:8,5
DA:9,5
DA:10,0
DA:11,0
DA:13,5
DA:14,5
DA:15,5
DA:16,3
DA:17,3
DA:20,2
DA:21,2
DA:22,2
DA:26,2
DA:28,0
DA:32,3
DA:35,9
DA:36,9
DA:37,0
DA:39,9
DA:48,9
DA:57,9
DA:60,6
DA:61,6
DA:62,6
DA:63,6
DA:64,0
DA:65,0
DA:67,6
DA:68,6
DA:69,6
DA:70,0
DA:71,0
DA:73,6
DA:74,6
DA:75,0
DA:76,0
DA:80,6
DA:81,6
DA:82,6
DA:83,0
DA:84,0
DA:87,6
DA:88,0
DA:90,6
DA:91,6
DA:92,6
DA:99,0
DA:103,3
DA:104,1
DA:105,1
DA:106,0
DA:107,0
DA:110,1
DA:111,0
DA:112,0
DA:114,1
DA:117,1
DA:118,1
DA:119,0
DA:120,0
DA:122,1
DA:123,1
DA:124,1
DA:125,1
DA:126,0
DA:127,0
DA:129,1
DA:130,0
DA:131,0
DA:132,0
DA:133,0
DA:135,1
DA:136,2
DA:138,1
DA:139,1
DA:140,1
DA:142,0
DA:148,6
DA:150,6
DA:151,6
DA:152,0
DA:153,0
DA:155,6
DA:156,0
DA:157,0
DA:159,6
DA:162,6
DA:163,6
DA:164,0
DA:165,0
DA:168,6
DA:169,6
DA:170,6
DA:171,6
DA:172,0
DA:173,0
DA:176,6
DA:177,3
DA:178,3
DA:179,3
DA:180,3
DA:183,3
DA:184,3
DA:185,0
DA:186,0
DA:187,0
DA:188,0
DA:192,3
DA:193,4
DA:196,3
DA:197,3
DA:200,3
DA:205,0
DA:214,3
DA:219,19
DA:220,19
DA:221,19
DA:222,1
DA:223,1
DA:225,18
DA:226,0
DA:227,0
DA:229,18
DA:230,18
DA:231,1
DA:232,1
DA:234,17
DA:235,17
DA:236,17
DA:240,3
LF:135
LH:93
BRDA:9,0,0,0
BRDA:9,1,0,5
BRDA:9,1,1,5
BRDA:15,2,0,3
BRDA:36,3,0,0
BRDA:63,4,0,0
BRDA:63,5,0,6
BRDA:63,5,1,6
BRDA:69,6,0,0
BRDA:74,7,0,0
BRDA:82,8,0,0
BRDA:87,9,0,0
BRDA:105,10,0,0
BRDA:110,11,0,0
BRDA:118,12,0,0
BRDA:125,13,0,0
BRDA:129,14,0,0
BRDA:129,15,0,1
BRDA:129,15,1,1
BRDA:151,16,0,0
BRDA:155,17,0,0
BRDA:163,18,0,0
BRDA:171,19,0,0
BRDA:176,20,0,3
BRDA:176,21,0,6
BRDA:176,21,1,6
BRDA:184,22,0,0
BRDA:220,23,0,19
BRDA:220,23,1,18
BRDA:221,24,0,1
BRDA:225,25,0,0
BRDA:230,26,0,1
BRF:32
BRH:14
end_of_record
TN:
SF:src\models\comments_model.ts
FNF:0
FNH:0
DA:1,3
DA:3,3
DA:18,3
DA:20,3
LF:4
LH:4
BRF:0
BRH:0
end_of_record
TN:
SF:src\models\posts_model.ts
FNF:0
FNH:0
DA:1,3
DA:3,3
DA:18,3
DA:20,3
LF:4
LH:4
BRF:0
BRH:0
end_of_record
TN:
SF:src\models\user_model.ts
FNF:0
FNH:0
DA:1,3
DA:3,3
DA:18,3
DA:19,3
LF:4
LH:4
BRF:0
BRH:0
end_of_record
TN:
SF:src\routes\comment_route.ts
FN:66,(anonymous_1)
FN:97,(anonymous_2)
FN:142,(anonymous_3)
FN:190,(anonymous_4)
FN:219,(anonymous_5)
FNF:5
FNH:5
FNDA:6,(anonymous_1)
FNDA:3,(anonymous_2)
FNDA:3,(anonymous_3)
FNDA:3,(anonymous_4)
FNDA:1,(anonymous_5)
DA:1,3
DA:2,3
DA:3,3
DA:4,3
DA:66,3
DA:67,6
DA:97,3
DA:98,3
DA:142,3
DA:143,3
DA:190,3
DA:191,3
DA:219,3
DA:220,1
DA:223,3
LF:15
LH:15
BRF:0
BRH:0
end_of_record
TN:
SF:src\routes\posts_route.ts
FN:84,(anonymous_1)
FN:111,(anonymous_2)
FN:143,(anonymous_3)
FN:189,(anonymous_4)
FN:219,(anonymous_5)
FNF:5
FNH:5
FNDA:6,(anonymous_1)
FNDA:5,(anonymous_2)
FNDA:4,(anonymous_3)
FNDA:2,(anonymous_4)
FNDA:2,(anonymous_5)
DA:1,3
DA:2,3
DA:3,3
DA:4,3
DA:84,3
DA:85,6
DA:111,3
DA:112,5
DA:143,3
DA:144,4
DA:189,3
DA:190,2
DA:219,3
DA:220,2
DA:223,3
LF:15
LH:15
BRF:0
BRH:0
end_of_record
TN:
SF:src\routes\user_route.ts
FN:64,(anonymous_1)
FNF:1
FNH:1
FNDA:5,(anonymous_1)
DA:1,3
DA:2,3
DA:3,3
DA:64,3
DA:65,5
DA:105,3
DA:134,3
DA:174,3
DA:176,3
LF:9
LH:9
BRF:0
BRH:0
end_of_record
